including device/generic/car/vendorsetup.sh
including device/generic/mini-emulator-arm64/vendorsetup.sh
including device/generic/mini-emulator-armv7-a-neon/vendorsetup.sh
including device/generic/mini-emulator-x86/vendorsetup.sh
including device/generic/mini-emulator-x86_64/vendorsetup.sh
including device/generic/uml/vendorsetup.sh
including device/qcom/common/vendorsetup.sh
including vendor/qcom/proprietary/common/vendorsetup.sh
including sdk/bash_completion/adb.bash

============================================
PLATFORM_VERSION_CODENAME=REL
PLATFORM_VERSION=8.1.0
TARGET_PRODUCT=msm8996
TARGET_BUILD_VARIANT=userdebug
TARGET_BUILD_TYPE=release
TARGET_PLATFORM_VERSION=OPM1
TARGET_BUILD_APPS=
TARGET_ARCH=arm64
TARGET_ARCH_VARIANT=armv8-a
TARGET_CPU_VARIANT=kryo
TARGET_2ND_ARCH=arm
TARGET_2ND_ARCH_VARIANT=armv7-a-neon
TARGET_2ND_CPU_VARIANT=cortex-a9
HOST_ARCH=x86_64
HOST_2ND_ARCH=x86
HOST_OS=linux
HOST_OS_EXTRA=Linux-4.15.0-20-generic-x86_64-with-Ubuntu-18.04-bionic
HOST_CROSS_OS=windows
HOST_CROSS_ARCH=x86
HOST_CROSS_2ND_ARCH=x86_64
HOST_BUILD_TYPE=release
BUILD_ID=OPM1.171019.026
OUT_DIR=out
AUX_OS_VARIANT_LIST=
============================================

INFO: Build Android tree for msm8996

============================================
PLATFORM_VERSION_CODENAME=REL
PLATFORM_VERSION=8.1.0
TARGET_PRODUCT=msm8996
TARGET_BUILD_VARIANT=userdebug
TARGET_BUILD_TYPE=release
TARGET_ARCH=arm64
TARGET_ARCH_VARIANT=armv8-a
TARGET_CPU_VARIANT=kryo
TARGET_2ND_ARCH=arm
TARGET_2ND_ARCH_VARIANT=armv7-a-neon
TARGET_2ND_CPU_VARIANT=cortex-a9
HOST_ARCH=x86_64
HOST_2ND_ARCH=x86
HOST_OS=linux
HOST_OS_EXTRA=Linux-4.15.0-20-generic-x86_64-with-Ubuntu-18.04-bionic
HOST_CROSS_OS=windows
HOST_CROSS_ARCH=x86
HOST_CROSS_2ND_ARCH=x86_64
HOST_BUILD_TYPE=release
BUILD_ID=OPM1.171019.026
OUT_DIR=out
============================================
[1/2] out/soong/.bootstrap/bin/minibp out/soong/.minibootstrap/build.ninja.in
[2/2] bootstrap out/soong/.minibootstrap/build.ninja.in
[1/1] out/soong/.bootstrap/bin/minibp out/soong/.bootstrap/build.ninja
[1/1] out/soong/.bootstrap/bin/soong_build out/soong/build.ninja
[ 50% 1/2] out/soong/.bootstrap/bin/bpglob -o out/soong/.glob/art.glob  "art"
[100% 2/2] out/soong/.bootstrap/bin/soong_build  -t -b out/soong -d out/soong/build.ninja.d -o out/soong/build.ninja Android.bp
[ 50% 1/2] out/soong/.bootstrap/bin/bpglob -o out/soong/.glob/art.glob  "art"
[  0% 1/109707] /bin/bash -c "rm -f out/target/product/msm8996/emmc_appsboot.mbn"
[  0% 2/109707] /bin/bash -c "(if [ -d \"out/target/product/msm8996/OTA_Target_Files\" ] ; then            cd out/target/product/msm8996/OTA_Target_Files ;           rm -rf \`ls | grep -v \"Default.zip\"\` ;           cd - ;         fi ) && (if [ -d \"out/target/product/msm8996/OTA_Binary_Packs\" ] ; then            rm -rf out/target/product/msm8996/OTA_Binary_Packs/* ;         fi ) && (mkdir -p out/target/product/msm8996/OTA_Target_Files ) && (mkdir -p out/target/product/msm8996/OTA_Binary_Packs ) && (mkdir -p out/target/product/msm8996/OTA_Target_Files/temp ) && (for path in \`find out/target/product/msm8996/vendor/package -name \".preloadspec\"\` ; do            tmp=\"\${path%\\/.preloadspec}\" ;           pack=\"\${tmp##*\\/}\" ;           if [ \"\$pack\" != \"\" ] ; then              echo \"Back up \$pack to out/target/product/msm8996/OTA_Target_Files/temp/\$pack ...\" ;             echo \"\$pack\" >> \"out/target/product/msm8996/OTA_Target_Files/temp/packlist\" ;             cp -rf out/target/product/msm8996/vendor/package/\$pack out/target/product/msm8996/OTA_Target_Files/temp ;           fi ;         done ) && (mkdir -p out/target/product/msm8996/persist/speccfg ) && (echo \"omt\" > out/target/product/msm8996/persist/speccfg/devicetype ) && (touch out/target/product/msm8996/persist/speccfg/mbnversion ) && (touch out/target/product/msm8996/persist/speccfg/.not_triggered )"
/android/msm8996
Back up TelefonicaGermany to out/target/product/msm8996/OTA_Target_Files/temp/TelefonicaGermany ...
Back up ChinaUnicom to out/target/product/msm8996/OTA_Target_Files/temp/ChinaUnicom ...
Back up ChinaMobile to out/target/product/msm8996/OTA_Target_Files/temp/ChinaMobile ...
Back up VodafoneGroup to out/target/product/msm8996/OTA_Target_Files/temp/VodafoneGroup ...
Back up ChinaTelecom to out/target/product/msm8996/OTA_Target_Files/temp/ChinaTelecom ...
Back up VodafoneUK to out/target/product/msm8996/OTA_Target_Files/temp/VodafoneUK ...
Back up Default to out/target/product/msm8996/OTA_Target_Files/temp/Default ...
Back up EUCommon to out/target/product/msm8996/OTA_Target_Files/temp/EUCommon ...
Back up CTA to out/target/product/msm8996/OTA_Target_Files/temp/CTA ...
[  0% 3/109707] /bin/bash -c "(prebuilts/sdk/tools/jack-admin install-server prebuilts/sdk/tools/jack-launcher.jar prebuilts/sdk/tools/jack-server-4.11.ALPHA.jar  2>&1 || (exit 0) ) && (JACK_SERVER_VM_ARGUMENTS=\"-Dfile.encoding=UTF-8 -XX:+TieredCompilation\" prebuilts/sdk/tools/jack-admin start-server 2>&1 || exit 0 ) && (prebuilts/sdk/tools/jack-admin update server prebuilts/sdk/tools/jack-server-4.11.ALPHA.jar 4.11.ALPHA 2>&1 || exit 0 ) && (prebuilts/sdk/tools/jack-admin update jack prebuilts/sdk/tools/jacks/jack-4.32.CANDIDATE.jar 4.32.CANDIDATE || exit 47 )"
Jack server already installed in "/home/android/.jack-server"
Server is already running
[  0% 4/109707] /bin/bash -c "(mkdir -p out/target/common/obj/JAVA_LIBRARIES/sdk_v8_intermediates/classes.jack.tmpjill.res ) && (unzip -qo prebuilts/sdk/8/android.jar -d out/target/common/obj/JAVA_LIBRARIES/sdk_v8_intermediates/classes.jack.tmpjill.res ) && (find out/target/common/obj/JAVA_LIBRARIES/sdk_v8_intermediates/classes.jack.tmpjill.res -iname \"*.class\" -delete ) && (JACK_VERSION=4.32.CANDIDATE out/host/linux-x86/bin/jack @build/core/jack-default.args    -D jack.import.resource.policy=keep-first -D jack.import.type.policy=keep-first -D jack.android.min-api-level=8 --import prebuilts/sdk/8/android.jar --import-resource out/target/common/obj/JAVA_LIBRARIES/sdk_v8_intermediates/classes.jack.tmpjill.res --output-jack out/target/common/obj/JAVA_LIBRARIES/sdk_v8_intermediates/classes.jack ) && (rm -rf out/target/common/obj/JAVA_LIBRARIES/sdk_v8_intermediates/classes.jack.tmpjill.res )"
FAILED: out/target/common/obj/JAVA_LIBRARIES/sdk_v8_intermediates/classes.jack 
/bin/bash -c "(mkdir -p out/target/common/obj/JAVA_LIBRARIES/sdk_v8_intermediates/classes.jack.tmpjill.res ) && (unzip -qo prebuilts/sdk/8/android.jar -d out/target/common/obj/JAVA_LIBRARIES/sdk_v8_intermediates/classes.jack.tmpjill.res ) && (find out/target/common/obj/JAVA_LIBRARIES/sdk_v8_intermediates/classes.jack.tmpjill.res -iname \"*.class\" -delete ) && (JACK_VERSION=4.32.CANDIDATE out/host/linux-x86/bin/jack @build/core/jack-default.args    -D jack.import.resource.policy=keep-first -D jack.import.type.policy=keep-first -D jack.android.min-api-level=8 --import prebuilts/sdk/8/android.jar --import-resource out/target/common/obj/JAVA_LIBRARIES/sdk_v8_intermediates/classes.jack.tmpjill.res --output-jack out/target/common/obj/JAVA_LIBRARIES/sdk_v8_intermediates/classes.jack ) && (rm -rf out/target/common/obj/JAVA_LIBRARIES/sdk_v8_intermediates/classes.jack.tmpjill.res )"
2 errors during configuration. Try --help-properties for help.
  Property 'jack.import.resource' (in Options): element #1: directory 'out/target/common/obj/JAVA_LIBRARIES/sdk_v8_intermediates/classes.jack.tmpjill.res' is not writable
  Property 'jack.library.output.zip' (in Options): file 'out/target/common/obj/JAVA_LIBRARIES/sdk_v8_intermediates/classes.jack' cannot be created: Permission denied (required because 'jack.library' (defined in Options) is set to true and 'jack.library.output.container' (defined in Options) is set to 'zip')
[  0% 5/109707] /bin/bash -c "PWD=/proc/self/cwd vendor/qcom/proprietary/llvm-arm-toolchain-ship/4.0/bin/clang++ 	-I external/v8/src -I external/icu/icu4c/source/common -I external/icu/icu4c/source/i18n -I external/v8 -I out/target/product/msm8996/obj/STATIC_LIBRARIES/libv8src_intermediates -I out/target/product/msm8996/gen/STATIC_LIBRARIES/libv8src_intermediates -I libnativehelper/include_deprecated \$(cat out/target/product/msm8996/obj/STATIC_LIBRARIES/libv8src_intermediates/import_includes)  -I system/core/include -I system/media/audio/include -I hardware/libhardware/include -I hardware/libhardware_legacy/include -I hardware/ril/include -I libnativehelper/include -I frameworks/native/include -I frameworks/native/opengl/include -I frameworks/av/include -isystem out/target/product/msm8996/obj/include -isystem bionic/libc/arch-arm64/include -isystem bionic/libc/include -isystem bionic/libc/kernel/uapi -isystem bionic/libc/kernel/uapi/asm-arm64 -isystem bionic/libc/kernel/android/scsi -isystem bionic/libc/kernel/android/uapi -c  -fno-exceptions -Wno-multichar -fno-strict-aliasing -fstack-protector-strong -ffunction-sections -fdata-sections -funwind-tables -Wa,--noexecstack -Werror=format-security -D_FORTIFY_SOURCE=2 -fno-short-enums -no-canonical-prefixes -Werror=pointer-to-int-cast -Werror=int-to-pointer-cast -Werror=implicit-function-declaration -DNDEBUG -O2 -g -Wstrict-aliasing=2 -DANDROID -fmessage-length=0 -W -Wall -Wno-unused -Winit-self -Wpointer-arith -DNDEBUG -UDEBUG -fdebug-prefix-map=/proc/self/cwd= -D__compiler_offsetof=__builtin_offsetof -Werror=int-conversion -Wno-reserved-id-macro -Wno-format-pedantic -Wno-unused-command-line-argument -fcolor-diagnostics -Wno-expansion-to-defined -fdebug-prefix-map=\$PWD/= -Werror=return-type -Werror=non-virtual-dtor -Werror=address -Werror=sequence-point -Werror=date-time -nostdlibinc -mcpu=kryo -target aarch64-linux-android -Bprebuilts/gcc/linux-x86/aarch64/aarch64-linux-android-4.9/aarch64-linux-android/bin  -Wsign-promo -Wno-inconsistent-missing-override -Wno-null-dereference -D_LIBCPP_ENABLE_THREAD_SAFETY_ANNOTATIONS -Wno-thread-safety-negative -fvisibility-inlines-hidden -std=gnu++14   -fno-rtti -Wno-endif-labels -Wno-import -Wno-format -Wno-unused-parameter -Wno-sign-compare -Wno-missing-field-initializers -Wno-ignored-qualifiers -Wno-undefined-var-template -fno-exceptions -fvisibility=hidden -DENABLE_DEBUGGER_SUPPORT -DENABLE_LOGGING_AND_PROFILING -DENABLE_VMSTATE_TRACKING -DV8_NATIVE_REGEXP -DV8_I18N_SUPPORT -std=gnu++0x -Os -fPIC -DV8_TARGET_ARCH_ARM64 -D_USING_LIBCXX   -Werror=int-to-pointer-cast -Werror=pointer-to-int-cast -Werror=address-of-temporary -Werror=return-type   -Wno-vectorizer-no-neon -Wno-vectorizer-no-neon -MD -MF out/target/product/msm8996/obj/STATIC_LIBRARIES/libv8src_intermediates/src/interpreter/bytecode-dead-code-optimizer..d -o out/target/product/msm8996/obj/STATIC_LIBRARIES/libv8src_intermediates/src/interpreter/bytecode-dead-code-optimizer..o external/v8/src/interpreter/bytecode-dead-code-optimizer.cc"
[  0% 6/109707] /bin/bash -c "make -j2 -C bootable/bootloader/lk/ TOOLCHAIN_PREFIX=../../../prebuilts/gcc/linux-x86/arm/arm-eabi-4.8/bin/arm-eabi- BOOTLOADER_OUT=../../../out/target/product/msm8996/obj/EMMC_BOOTLOADER_OBJ msm8996  EMMC_BOOT=1 SIGNED_KERNEL=1 VERIFIED_BOOT=1 ENABLE_DISPLAY=1 ENABLE_BOOTDEVICE_MOUNT=1 DEFAULT_UNLOCK=true  BOARD_NAME=QC_Reference_Phone ENABLE_VB_ATTEST=1 OSVERSION_IN_BOOTIMAGE=1"
make: Entering directory '/android/msm8996/bootable/bootloader/lk'
make[1]: Entering directory '/android/msm8996/bootable/bootloader/lk'
including app/aboot app/mmutest app/tests dev/fbcon dev/gcdb/display dev/keys dev/pmic/pm8x41 dev/pmic/pmi8994 dev/qpnp_haptic dev/qpnp_led dev/qpnp_wled dev/vib lib/debug lib/heap lib/libc lib/libfdt lib/openssl lib/ptable
including lib/openssl/crypto lib/zlib_inflate
generating ../../../out/target/product/msm8996/obj/EMMC_BOOTLOADER_OBJ/build-msm8996/system-onesegment.ld
generating ../../../out/target/product/msm8996/obj/EMMC_BOOTLOADER_OBJ/build-msm8996/config.h
linking ../../../out/target/product/msm8996/obj/EMMC_BOOTLOADER_OBJ/build-msm8996/lk
../../../prebuilts/gcc/linux-x86/arm/arm-eabi-4.8/bin/arm-eabi-ld: warning: /android/msm8996/prebuilts/gcc/linux-x86/arm/arm-eabi-4.8/bin/../lib/gcc/arm-eabi/4.8/libgcc.a(bpabi.o) uses 32-bit enums yet the output is to use variable-size enums; use of enum values across objects may fail
../../../prebuilts/gcc/linux-x86/arm/arm-eabi-4.8/bin/arm-eabi-ld: warning: /android/msm8996/prebuilts/gcc/linux-x86/arm/arm-eabi-4.8/bin/../lib/gcc/arm-eabi/4.8/libgcc.a(_divdi3.o) uses 32-bit enums yet the output is to use variable-size enums; use of enum values across objects may fail
../../../prebuilts/gcc/linux-x86/arm/arm-eabi-4.8/bin/arm-eabi-ld: warning: /android/msm8996/prebuilts/gcc/linux-x86/arm/arm-eabi-4.8/bin/../lib/gcc/arm-eabi/4.8/libgcc.a(_udivdi3.o) uses 32-bit enums yet the output is to use variable-size enums; use of enum values across objects may fail
generating listing: ../../../out/target/product/msm8996/obj/EMMC_BOOTLOADER_OBJ/build-msm8996/lk.lst
generating image: ../../../out/target/product/msm8996/obj/EMMC_BOOTLOADER_OBJ/build-msm8996/lk.bin
   text	   data	    bss	    dec	    hex	filename
 472008	 303224	 202872	 978104	  eecb8	../../../out/target/product/msm8996/obj/EMMC_BOOTLOADER_OBJ/build-msm8996/lk
../../../prebuilts/gcc/linux-x86/arm/arm-eabi-4.8/bin/arm-eabi-objcopy -O binary ../../../out/target/product/msm8996/obj/EMMC_BOOTLOADER_OBJ/build-msm8996/lk ../../../out/target/product/msm8996/obj/EMMC_BOOTLOADER_OBJ/build-msm8996/lk.bin
generating listing: ../../../out/target/product/msm8996/obj/EMMC_BOOTLOADER_OBJ/build-msm8996/lk.debug.lst
generating symbols: ../../../out/target/product/msm8996/obj/EMMC_BOOTLOADER_OBJ/build-msm8996/lk.sym
generating size map: ../../../out/target/product/msm8996/obj/EMMC_BOOTLOADER_OBJ/build-msm8996/lk.size
generating stripped elf: ../../../out/target/product/msm8996/obj/EMMC_BOOTLOADER_OBJ/build-msm8996/lk_s.elf
cp -f ../../../out/target/product/msm8996/obj/EMMC_BOOTLOADER_OBJ/build-msm8996/lk_s.elf ../../../out/target/product/msm8996/obj/EMMC_BOOTLOADER_OBJ/../../emmc_appsboot.mbn
make[1]: Leaving directory '/android/msm8996/bootable/bootloader/lk'
make: Leaving directory '/android/msm8996/bootable/bootloader/lk'
[  0% 7/109707] /bin/bash -c "PWD=/proc/self/cwd vendor/qcom/proprietary/llvm-arm-toolchain-ship/4.0/bin/clang++ 	-I external/v8/src -I external/icu/icu4c/source/common -I external/icu/icu4c/source/i18n -I external/v8 -I out/target/product/msm8996/obj/STATIC_LIBRARIES/libv8src_intermediates -I out/target/product/msm8996/gen/STATIC_LIBRARIES/libv8src_intermediates -I libnativehelper/include_deprecated \$(cat out/target/product/msm8996/obj/STATIC_LIBRARIES/libv8src_intermediates/import_includes)  -I system/core/include -I system/media/audio/include -I hardware/libhardware/include -I hardware/libhardware_legacy/include -I hardware/ril/include -I libnativehelper/include -I frameworks/native/include -I frameworks/native/opengl/include -I frameworks/av/include -isystem out/target/product/msm8996/obj/include -isystem bionic/libc/arch-arm64/include -isystem bionic/libc/include -isystem bionic/libc/kernel/uapi -isystem bionic/libc/kernel/uapi/asm-arm64 -isystem bionic/libc/kernel/android/scsi -isystem bionic/libc/kernel/android/uapi -c  -fno-exceptions -Wno-multichar -fno-strict-aliasing -fstack-protector-strong -ffunction-sections -fdata-sections -funwind-tables -Wa,--noexecstack -Werror=format-security -D_FORTIFY_SOURCE=2 -fno-short-enums -no-canonical-prefixes -Werror=pointer-to-int-cast -Werror=int-to-pointer-cast -Werror=implicit-function-declaration -DNDEBUG -O2 -g -Wstrict-aliasing=2 -DANDROID -fmessage-length=0 -W -Wall -Wno-unused -Winit-self -Wpointer-arith -DNDEBUG -UDEBUG -fdebug-prefix-map=/proc/self/cwd= -D__compiler_offsetof=__builtin_offsetof -Werror=int-conversion -Wno-reserved-id-macro -Wno-format-pedantic -Wno-unused-command-line-argument -fcolor-diagnostics -Wno-expansion-to-defined -fdebug-prefix-map=\$PWD/= -Werror=return-type -Werror=non-virtual-dtor -Werror=address -Werror=sequence-point -Werror=date-time -nostdlibinc -mcpu=kryo -target aarch64-linux-android -Bprebuilts/gcc/linux-x86/aarch64/aarch64-linux-android-4.9/aarch64-linux-android/bin  -Wsign-promo -Wno-inconsistent-missing-override -Wno-null-dereference -D_LIBCPP_ENABLE_THREAD_SAFETY_ANNOTATIONS -Wno-thread-safety-negative -fvisibility-inlines-hidden -std=gnu++14   -fno-rtti -Wno-endif-labels -Wno-import -Wno-format -Wno-unused-parameter -Wno-sign-compare -Wno-missing-field-initializers -Wno-ignored-qualifiers -Wno-undefined-var-template -fno-exceptions -fvisibility=hidden -DENABLE_DEBUGGER_SUPPORT -DENABLE_LOGGING_AND_PROFILING -DENABLE_VMSTATE_TRACKING -DV8_NATIVE_REGEXP -DV8_I18N_SUPPORT -std=gnu++0x -Os -fPIC -DV8_TARGET_ARCH_ARM64 -D_USING_LIBCXX   -Werror=int-to-pointer-cast -Werror=pointer-to-int-cast -Werror=address-of-temporary -Werror=return-type   -Wno-vectorizer-no-neon -Wno-vectorizer-no-neon -MD -MF out/target/product/msm8996/obj/STATIC_LIBRARIES/libv8src_intermediates/src/interpreter/bytecode-flags..d -o out/target/product/msm8996/obj/STATIC_LIBRARIES/libv8src_intermediates/src/interpreter/bytecode-flags..o external/v8/src/interpreter/bytecode-flags.cc"
[  0% 8/109707] /bin/bash -c "PWD=/proc/self/cwd vendor/qcom/proprietary/llvm-arm-toolchain-ship/4.0/bin/clang++ 	-I external/v8/src -I external/icu/icu4c/source/common -I external/icu/icu4c/source/i18n -I external/v8 -I out/target/product/msm8996/obj/STATIC_LIBRARIES/libv8src_intermediates -I out/target/product/msm8996/gen/STATIC_LIBRARIES/libv8src_intermediates -I libnativehelper/include_deprecated \$(cat out/target/product/msm8996/obj/STATIC_LIBRARIES/libv8src_intermediates/import_includes)  -I system/core/include -I system/media/audio/include -I hardware/libhardware/include -I hardware/libhardware_legacy/include -I hardware/ril/include -I libnativehelper/include -I frameworks/native/include -I frameworks/native/opengl/include -I frameworks/av/include -isystem out/target/product/msm8996/obj/include -isystem bionic/libc/arch-arm64/include -isystem bionic/libc/include -isystem bionic/libc/kernel/uapi -isystem bionic/libc/kernel/uapi/asm-arm64 -isystem bionic/libc/kernel/android/scsi -isystem bionic/libc/kernel/android/uapi -c  -fno-exceptions -Wno-multichar -fno-strict-aliasing -fstack-protector-strong -ffunction-sections -fdata-sections -funwind-tables -Wa,--noexecstack -Werror=format-security -D_FORTIFY_SOURCE=2 -fno-short-enums -no-canonical-prefixes -Werror=pointer-to-int-cast -Werror=int-to-pointer-cast -Werror=implicit-function-declaration -DNDEBUG -O2 -g -Wstrict-aliasing=2 -DANDROID -fmessage-length=0 -W -Wall -Wno-unused -Winit-self -Wpointer-arith -DNDEBUG -UDEBUG -fdebug-prefix-map=/proc/self/cwd= -D__compiler_offsetof=__builtin_offsetof -Werror=int-conversion -Wno-reserved-id-macro -Wno-format-pedantic -Wno-unused-command-line-argument -fcolor-diagnostics -Wno-expansion-to-defined -fdebug-prefix-map=\$PWD/= -Werror=return-type -Werror=non-virtual-dtor -Werror=address -Werror=sequence-point -Werror=date-time -nostdlibinc -mcpu=kryo -target aarch64-linux-android -Bprebuilts/gcc/linux-x86/aarch64/aarch64-linux-android-4.9/aarch64-linux-android/bin  -Wsign-promo -Wno-inconsistent-missing-override -Wno-null-dereference -D_LIBCPP_ENABLE_THREAD_SAFETY_ANNOTATIONS -Wno-thread-safety-negative -fvisibility-inlines-hidden -std=gnu++14   -fno-rtti -Wno-endif-labels -Wno-import -Wno-format -Wno-unused-parameter -Wno-sign-compare -Wno-missing-field-initializers -Wno-ignored-qualifiers -Wno-undefined-var-template -fno-exceptions -fvisibility=hidden -DENABLE_DEBUGGER_SUPPORT -DENABLE_LOGGING_AND_PROFILING -DENABLE_VMSTATE_TRACKING -DV8_NATIVE_REGEXP -DV8_I18N_SUPPORT -std=gnu++0x -Os -fPIC -DV8_TARGET_ARCH_ARM64 -D_USING_LIBCXX   -Werror=int-to-pointer-cast -Werror=pointer-to-int-cast -Werror=address-of-temporary -Werror=return-type   -Wno-vectorizer-no-neon -Wno-vectorizer-no-neon -MD -MF out/target/product/msm8996/obj/STATIC_LIBRARIES/libv8src_intermediates/src/interpreter/bytecode-array-writer..d -o out/target/product/msm8996/obj/STATIC_LIBRARIES/libv8src_intermediates/src/interpreter/bytecode-array-writer..o external/v8/src/interpreter/bytecode-array-writer.cc"
[  0% 9/109707] /bin/bash -c "(if [ ! -z \"msm_defconfig\" ]; then 			rm -f ../../out/target/product/msm8996/obj/kernel/msm-3.18/.config; 			make -j2 -C kernel/msm-3.18 O=../../out/target/product/msm8996/obj/kernel/msm-3.18 ARCH=arm64 CROSS_COMPILE=aarch64-linux-android- msm_defconfig; 			make -j2 -C kernel/msm-3.18 O=../../out/target/product/msm8996/obj/kernel/msm-3.18 ARCH=arm64 CROSS_COMPILE=aarch64-linux-android- headers_install; fi ) && (if [ \"msm_defconfig\" != \"msm_defconfig\" ]; then 			echo \"Used a different defconfig for header generation\"; 			rm -f ../../out/target/product/msm8996/obj/kernel/msm-3.18/.config; 			make -j2 -C kernel/msm-3.18 O=../../out/target/product/msm8996/obj/kernel/msm-3.18 ARCH=arm64 CROSS_COMPILE=aarch64-linux-android- msm_defconfig; fi ) && (if [ ! -z \"\" ]; then 			echo \"Overriding kernel config with ''\"; 			echo  >> out/target/product/msm8996/obj/kernel/msm-3.18/.config; 			make -j2 -C kernel/msm-3.18 O=../../out/target/product/msm8996/obj/kernel/msm-3.18 ARCH=arm64 CROSS_COMPILE=aarch64-linux-android- oldconfig; fi )"
make: Entering directory '/android/msm8996/kernel/msm-3.18'
make[1]: Entering directory '/android/msm8996/out/target/product/msm8996/obj/kernel/msm-3.18'
/android/msm8996/kernel/msm-3.18/arch/arm64/Makefile:130: warning: overriding recipe for target 'vdso_prepare'
/android/msm8996/kernel/msm-3.18/arch/arm64/Makefile:120: warning: ignoring old recipe for target 'vdso_prepare'
  GEN     ./Makefile
#
# configuration written to .config
#
make[1]: Leaving directory '/android/msm8996/out/target/product/msm8996/obj/kernel/msm-3.18'
make: Leaving directory '/android/msm8996/kernel/msm-3.18'
make: Entering directory '/android/msm8996/kernel/msm-3.18'
make[1]: Entering directory '/android/msm8996/out/target/product/msm8996/obj/kernel/msm-3.18'
/android/msm8996/kernel/msm-3.18/arch/arm64/Makefile:130: warning: overriding recipe for target 'vdso_prepare'
/android/msm8996/kernel/msm-3.18/arch/arm64/Makefile:120: warning: ignoring old recipe for target 'vdso_prepare'
  CHK     include/generated/uapi/linux/version.h
make[1]: Leaving directory '/android/msm8996/out/target/product/msm8996/obj/kernel/msm-3.18'
make: Leaving directory '/android/msm8996/kernel/msm-3.18'
[  0% 10/109707] /bin/bash -c "PWD=/proc/self/cwd vendor/qcom/proprietary/llvm-arm-toolchain-ship/4.0/bin/clang++ 	-I external/v8/src -I external/icu/icu4c/source/common -I external/icu/icu4c/source/i18n -I external/v8 -I out/target/product/msm8996/obj/STATIC_LIBRARIES/libv8src_intermediates -I out/target/product/msm8996/gen/STATIC_LIBRARIES/libv8src_intermediates -I libnativehelper/include_deprecated \$(cat out/target/product/msm8996/obj/STATIC_LIBRARIES/libv8src_intermediates/import_includes)  -I system/core/include -I system/media/audio/include -I hardware/libhardware/include -I hardware/libhardware_legacy/include -I hardware/ril/include -I libnativehelper/include -I frameworks/native/include -I frameworks/native/opengl/include -I frameworks/av/include -isystem out/target/product/msm8996/obj/include -isystem bionic/libc/arch-arm64/include -isystem bionic/libc/include -isystem bionic/libc/kernel/uapi -isystem bionic/libc/kernel/uapi/asm-arm64 -isystem bionic/libc/kernel/android/scsi -isystem bionic/libc/kernel/android/uapi -c  -fno-exceptions -Wno-multichar -fno-strict-aliasing -fstack-protector-strong -ffunction-sections -fdata-sections -funwind-tables -Wa,--noexecstack -Werror=format-security -D_FORTIFY_SOURCE=2 -fno-short-enums -no-canonical-prefixes -Werror=pointer-to-int-cast -Werror=int-to-pointer-cast -Werror=implicit-function-declaration -DNDEBUG -O2 -g -Wstrict-aliasing=2 -DANDROID -fmessage-length=0 -W -Wall -Wno-unused -Winit-self -Wpointer-arith -DNDEBUG -UDEBUG -fdebug-prefix-map=/proc/self/cwd= -D__compiler_offsetof=__builtin_offsetof -Werror=int-conversion -Wno-reserved-id-macro -Wno-format-pedantic -Wno-unused-command-line-argument -fcolor-diagnostics -Wno-expansion-to-defined -fdebug-prefix-map=\$PWD/= -Werror=return-type -Werror=non-virtual-dtor -Werror=address -Werror=sequence-point -Werror=date-time -nostdlibinc -mcpu=kryo -target aarch64-linux-android -Bprebuilts/gcc/linux-x86/aarch64/aarch64-linux-android-4.9/aarch64-linux-android/bin  -Wsign-promo -Wno-inconsistent-missing-override -Wno-null-dereference -D_LIBCPP_ENABLE_THREAD_SAFETY_ANNOTATIONS -Wno-thread-safety-negative -fvisibility-inlines-hidden -std=gnu++14   -fno-rtti -Wno-endif-labels -Wno-import -Wno-format -Wno-unused-parameter -Wno-sign-compare -Wno-missing-field-initializers -Wno-ignored-qualifiers -Wno-undefined-var-template -fno-exceptions -fvisibility=hidden -DENABLE_DEBUGGER_SUPPORT -DENABLE_LOGGING_AND_PROFILING -DENABLE_VMSTATE_TRACKING -DV8_NATIVE_REGEXP -DV8_I18N_SUPPORT -std=gnu++0x -Os -fPIC -DV8_TARGET_ARCH_ARM64 -D_USING_LIBCXX   -Werror=int-to-pointer-cast -Werror=pointer-to-int-cast -Werror=address-of-temporary -Werror=return-type   -Wno-vectorizer-no-neon -Wno-vectorizer-no-neon -MD -MF out/target/product/msm8996/obj/STATIC_LIBRARIES/libv8src_intermediates/src/interpreter/bytecode-decoder..d -o out/target/product/msm8996/obj/STATIC_LIBRARIES/libv8src_intermediates/src/interpreter/bytecode-decoder..o external/v8/src/interpreter/bytecode-decoder.cc"
[  0% 11/109707] /bin/bash -c "PWD=/proc/self/cwd vendor/qcom/proprietary/llvm-arm-toolchain-ship/4.0/bin/clang++ 	-I external/v8/src -I external/icu/icu4c/source/common -I external/icu/icu4c/source/i18n -I external/v8 -I out/target/product/msm8996/obj/STATIC_LIBRARIES/libv8src_intermediates -I out/target/product/msm8996/gen/STATIC_LIBRARIES/libv8src_intermediates -I libnativehelper/include_deprecated \$(cat out/target/product/msm8996/obj/STATIC_LIBRARIES/libv8src_intermediates/import_includes)  -I system/core/include -I system/media/audio/include -I hardware/libhardware/include -I hardware/libhardware_legacy/include -I hardware/ril/include -I libnativehelper/include -I frameworks/native/include -I frameworks/native/opengl/include -I frameworks/av/include -isystem out/target/product/msm8996/obj/include -isystem bionic/libc/arch-arm64/include -isystem bionic/libc/include -isystem bionic/libc/kernel/uapi -isystem bionic/libc/kernel/uapi/asm-arm64 -isystem bionic/libc/kernel/android/scsi -isystem bionic/libc/kernel/android/uapi -c  -fno-exceptions -Wno-multichar -fno-strict-aliasing -fstack-protector-strong -ffunction-sections -fdata-sections -funwind-tables -Wa,--noexecstack -Werror=format-security -D_FORTIFY_SOURCE=2 -fno-short-enums -no-canonical-prefixes -Werror=pointer-to-int-cast -Werror=int-to-pointer-cast -Werror=implicit-function-declaration -DNDEBUG -O2 -g -Wstrict-aliasing=2 -DANDROID -fmessage-length=0 -W -Wall -Wno-unused -Winit-self -Wpointer-arith -DNDEBUG -UDEBUG -fdebug-prefix-map=/proc/self/cwd= -D__compiler_offsetof=__builtin_offsetof -Werror=int-conversion -Wno-reserved-id-macro -Wno-format-pedantic -Wno-unused-command-line-argument -fcolor-diagnostics -Wno-expansion-to-defined -fdebug-prefix-map=\$PWD/= -Werror=return-type -Werror=non-virtual-dtor -Werror=address -Werror=sequence-point -Werror=date-time -nostdlibinc -mcpu=kryo -target aarch64-linux-android -Bprebuilts/gcc/linux-x86/aarch64/aarch64-linux-android-4.9/aarch64-linux-android/bin  -Wsign-promo -Wno-inconsistent-missing-override -Wno-null-dereference -D_LIBCPP_ENABLE_THREAD_SAFETY_ANNOTATIONS -Wno-thread-safety-negative -fvisibility-inlines-hidden -std=gnu++14   -fno-rtti -Wno-endif-labels -Wno-import -Wno-format -Wno-unused-parameter -Wno-sign-compare -Wno-missing-field-initializers -Wno-ignored-qualifiers -Wno-undefined-var-template -fno-exceptions -fvisibility=hidden -DENABLE_DEBUGGER_SUPPORT -DENABLE_LOGGING_AND_PROFILING -DENABLE_VMSTATE_TRACKING -DV8_NATIVE_REGEXP -DV8_I18N_SUPPORT -std=gnu++0x -Os -fPIC -DV8_TARGET_ARCH_ARM64 -D_USING_LIBCXX   -Werror=int-to-pointer-cast -Werror=pointer-to-int-cast -Werror=address-of-temporary -Werror=return-type   -Wno-vectorizer-no-neon -Wno-vectorizer-no-neon -MD -MF out/target/product/msm8996/obj/STATIC_LIBRARIES/libv8src_intermediates/src/interpreter/bytecode-generator..d -o out/target/product/msm8996/obj/STATIC_LIBRARIES/libv8src_intermediates/src/interpreter/bytecode-generator..o external/v8/src/interpreter/bytecode-generator.cc"
ninja: build stopped: subcommand failed.
