including device/generic/car/vendorsetup.sh
including device/generic/mini-emulator-arm64/vendorsetup.sh
including device/generic/mini-emulator-armv7-a-neon/vendorsetup.sh
including device/generic/mini-emulator-x86_64/vendorsetup.sh
including device/generic/mini-emulator-x86/vendorsetup.sh
including device/generic/uml/vendorsetup.sh
including device/qcom/common/vendorsetup.sh
including vendor/qcom/proprietary/common/vendorsetup.sh
including sdk/bash_completion/adb.bash

============================================
PLATFORM_VERSION_CODENAME=REL
PLATFORM_VERSION=8.1.0
TARGET_PRODUCT=msm8996
TARGET_BUILD_VARIANT=userdebug
TARGET_BUILD_TYPE=release
TARGET_PLATFORM_VERSION=OPM1
TARGET_BUILD_APPS=
TARGET_ARCH=arm64
TARGET_ARCH_VARIANT=armv8-a
TARGET_CPU_VARIANT=kryo
TARGET_2ND_ARCH=arm
TARGET_2ND_ARCH_VARIANT=armv7-a-neon
TARGET_2ND_CPU_VARIANT=cortex-a9
HOST_ARCH=x86_64
HOST_2ND_ARCH=x86
HOST_OS=linux
HOST_OS_EXTRA=Linux-4.15.0-20-generic-x86_64-with-Ubuntu-18.04-bionic
HOST_CROSS_OS=windows
HOST_CROSS_ARCH=x86
HOST_CROSS_2ND_ARCH=x86_64
HOST_BUILD_TYPE=release
BUILD_ID=OPM1.171019.026
OUT_DIR=out
AUX_OS_VARIANT_LIST=
============================================

INFO: Build Android tree for msm8996

============================================
PLATFORM_VERSION_CODENAME=REL
PLATFORM_VERSION=8.1.0
TARGET_PRODUCT=msm8996
TARGET_BUILD_VARIANT=userdebug
TARGET_BUILD_TYPE=release
TARGET_ARCH=arm64
TARGET_ARCH_VARIANT=armv8-a
TARGET_CPU_VARIANT=kryo
TARGET_2ND_ARCH=arm
TARGET_2ND_ARCH_VARIANT=armv7-a-neon
TARGET_2ND_CPU_VARIANT=cortex-a9
HOST_ARCH=x86_64
HOST_2ND_ARCH=x86
HOST_OS=linux
HOST_OS_EXTRA=Linux-4.15.0-20-generic-x86_64-with-Ubuntu-18.04-bionic
HOST_CROSS_OS=windows
HOST_CROSS_ARCH=x86
HOST_CROSS_2ND_ARCH=x86_64
HOST_BUILD_TYPE=release
BUILD_ID=OPM1.171019.026
OUT_DIR=out
============================================
[1/2] out/soong/.bootstrap/bin/minibp out/soong/.minibootstrap/build.ninja.in
[2/2] bootstrap out/soong/.minibootstrap/build.ninja.in
[1/1] out/soong/.bootstrap/bin/minibp out/soong/.bootstrap/build.ninja
[1/1] out/soong/.bootstrap/bin/soong_build out/soong/build.ninja
[ 50% 1/2] out/soong/.bootstrap/bin/bpglob -o out/soong/.glob/art.glob  "art"
[100% 2/2] out/soong/.bootstrap/bin/soong_build  -t -b out/soong -d out/soong/build.ninja.d -o out/soong/build.ninja Android.bp
[ 50% 1/2] out/soong/.bootstrap/bin/bpglob -o out/soong/.glob/art.glob  "art"
[  0% 1/110469] /bin/bash -c "rm -f out/target/product/msm8996/emmc_appsboot.mbn"
[  0% 2/110469] /bin/bash -c "(if [ -d \"out/target/product/msm8996/OTA_Target_Files\" ] ; then            cd out/target/product/msm8996/OTA_Target_Files ;           rm -rf \`ls | grep -v \"Default.zip\"\` ;           cd - ;         fi ) && (if [ -d \"out/target/product/msm8996/OTA_Binary_Packs\" ] ; then            rm -rf out/target/product/msm8996/OTA_Binary_Packs/* ;         fi ) && (mkdir -p out/target/product/msm8996/OTA_Target_Files ) && (mkdir -p out/target/product/msm8996/OTA_Binary_Packs ) && (mkdir -p out/target/product/msm8996/OTA_Target_Files/temp ) && (for path in \`find out/target/product/msm8996/vendor/package -name \".preloadspec\"\` ; do            tmp=\"\${path%\\/.preloadspec}\" ;           pack=\"\${tmp##*\\/}\" ;           if [ \"\$pack\" != \"\" ] ; then              echo \"Back up \$pack to out/target/product/msm8996/OTA_Target_Files/temp/\$pack ...\" ;             echo \"\$pack\" >> \"out/target/product/msm8996/OTA_Target_Files/temp/packlist\" ;             cp -rf out/target/product/msm8996/vendor/package/\$pack out/target/product/msm8996/OTA_Target_Files/temp ;           fi ;         done ) && (mkdir -p out/target/product/msm8996/persist/speccfg ) && (echo \"omt\" > out/target/product/msm8996/persist/speccfg/devicetype ) && (touch out/target/product/msm8996/persist/speccfg/mbnversion ) && (touch out/target/product/msm8996/persist/speccfg/.not_triggered )"
/android/msm8996
Back up TelefonicaGermany to out/target/product/msm8996/OTA_Target_Files/temp/TelefonicaGermany ...
Back up ChinaUnicom to out/target/product/msm8996/OTA_Target_Files/temp/ChinaUnicom ...
Back up ChinaMobile to out/target/product/msm8996/OTA_Target_Files/temp/ChinaMobile ...
Back up VodafoneGroup to out/target/product/msm8996/OTA_Target_Files/temp/VodafoneGroup ...
Back up ChinaTelecom to out/target/product/msm8996/OTA_Target_Files/temp/ChinaTelecom ...
Back up VodafoneUK to out/target/product/msm8996/OTA_Target_Files/temp/VodafoneUK ...
Back up Default to out/target/product/msm8996/OTA_Target_Files/temp/Default ...
Back up EUCommon to out/target/product/msm8996/OTA_Target_Files/temp/EUCommon ...
Back up CTA to out/target/product/msm8996/OTA_Target_Files/temp/CTA ...
[  0% 3/110469] /bin/bash -c "prebuilts/misc/linux-x86/flex/flex-2.5.39 -oout/target/product/msm8996/obj/STATIC_LIBRARIES/libedify_intermediates/lexer.cpp bootable/recovery/edify/lexer.ll"
FAILED: out/target/product/msm8996/obj/STATIC_LIBRARIES/libedify_intermediates/lexer.cpp 
/bin/bash -c "prebuilts/misc/linux-x86/flex/flex-2.5.39 -oout/target/product/msm8996/obj/STATIC_LIBRARIES/libedify_intermediates/lexer.cpp bootable/recovery/edify/lexer.ll"
flex-2.5.39: loadlocale.c:130: _nl_intern_locale_data: Assertion `cnt < (sizeof (_nl_value_type_LC_TIME) / sizeof (_nl_value_type_LC_TIME[0]))' failed.
Aborted (core dumped)
[  0% 4/110469] /bin/bash -c "(rm -f out/target/product/msm8996/obj/STATIC_LIBRARIES/libapplypatch_intermediates/libapplypatch.a out/target/product/msm8996/obj/STATIC_LIBRARIES/libapplypatch_intermediates/libapplypatch.a.tmp ) && (prebuilts/gcc/linux-x86/aarch64/aarch64-linux-android-4.9/bin/aarch64-linux-android-ar crsPD  out/target/product/msm8996/obj/STATIC_LIBRARIES/libapplypatch_intermediates/libapplypatch.a.tmp out/target/product/msm8996/obj/STATIC_LIBRARIES/libapplypatch_intermediates/applypatch.o out/target/product/msm8996/obj/STATIC_LIBRARIES/libapplypatch_intermediates/bspatch.o out/target/product/msm8996/obj/STATIC_LIBRARIES/libapplypatch_intermediates/freecache.o out/target/product/msm8996/obj/STATIC_LIBRARIES/libapplypatch_intermediates/imgpatch.o ) && (mv -f out/target/product/msm8996/obj/STATIC_LIBRARIES/libapplypatch_intermediates/libapplypatch.a.tmp out/target/product/msm8996/obj/STATIC_LIBRARIES/libapplypatch_intermediates/libapplypatch.a )"
[  0% 5/110469] /bin/bash -c "PWD=/proc/self/cwd prebuilts/misc/linux-x86/ccache/ccache prebuilts/clang/host/linux-x86/clang-4053586/bin/clang++ 	-I frameworks/base/tools/aapt -I out/host/linux-x86/obj/STATIC_LIBRARIES/libaapt_intermediates -I out/host/linux-x86/gen/STATIC_LIBRARIES/libaapt_intermediates -I libnativehelper/include_deprecated \$(cat out/host/linux-x86/obj/STATIC_LIBRARIES/libaapt_intermediates/import_includes)  -I system/core/include -I system/media/audio/include -I hardware/libhardware/include -I hardware/libhardware_legacy/include -I hardware/ril/include -I libnativehelper/include -I frameworks/native/include -I frameworks/native/opengl/include -I frameworks/av/include  -c  -fno-exceptions -Wno-multichar -Wa,--noexecstack -fPIC -no-canonical-prefixes -U_FORTIFY_SOURCE -D_FORTIFY_SOURCE=2 -fstack-protector -D__STDC_FORMAT_MACROS -D__STDC_CONSTANT_MACROS -O2 -g -fno-strict-aliasing --gcc-toolchain=prebuilts/gcc/linux-x86/host/x86_64-linux-glibc2.15-4.8 --sysroot prebuilts/gcc/linux-x86/host/x86_64-linux-glibc2.15-4.8/sysroot -fstack-protector-strong -m64 -DANDROID -fmessage-length=0 -W -Wall -Wno-unused -Winit-self -Wpointer-arith -DNDEBUG -UDEBUG -fdebug-prefix-map=/proc/self/cwd= -D__compiler_offsetof=__builtin_offsetof -Werror=int-conversion -Wno-reserved-id-macro -Wno-format-pedantic -Wno-unused-command-line-argument -fcolor-diagnostics -Wno-expansion-to-defined -fdebug-prefix-map=\$PWD/=   -target x86_64-linux-gnu -Bprebuilts/gcc/linux-x86/host/x86_64-linux-glibc2.15-4.8/x86_64-linux/bin  -Wsign-promo -Wno-inconsistent-missing-override -Wno-null-dereference -D_LIBCPP_ENABLE_THREAD_SAFETY_ANNOTATIONS -Wno-thread-safety-negative -isystem prebuilts/gcc/linux-x86/host/x86_64-linux-glibc2.15-4.8/x86_64-linux/include/c++/4.8 -isystem prebuilts/gcc/linux-x86/host/x86_64-linux-glibc2.15-4.8/x86_64-linux/include/c++/4.8/backward -isystem prebuilts/gcc/linux-x86/host/x86_64-linux-glibc2.15-4.8/x86_64-linux/include/c++/4.8/x86_64-linux -std=gnu++14  -Wno-format-y2k -DSTATIC_ANDROIDFW_FOR_TOOLS -DAAPT_VERSION=\\\"\$(cat out/build_number.txt)\\\" -Wall -Werror -fPIC -D_USING_LIBCXX -DANDROID_STRICT -nostdinc++  -Werror=int-to-pointer-cast -Werror=pointer-to-int-cast -Werror=address-of-temporary -Werror=return-type   -MD -MF out/host/linux-x86/obj/STATIC_LIBRARIES/libaapt_intermediates/AaptUtil.d -o out/host/linux-x86/obj/STATIC_LIBRARIES/libaapt_intermediates/AaptUtil.o frameworks/base/tools/aapt/AaptUtil.cpp"
[  0% 6/110469] /bin/bash -c "PWD=/proc/self/cwd prebuilts/misc/linux-x86/ccache/ccache prebuilts/clang/host/linux-x86/clang-4053586/bin/clang++ 	-I frameworks/base/tools/aapt -I out/host/linux-x86/obj/STATIC_LIBRARIES/libaapt_intermediates -I out/host/linux-x86/gen/STATIC_LIBRARIES/libaapt_intermediates -I libnativehelper/include_deprecated \$(cat out/host/linux-x86/obj/STATIC_LIBRARIES/libaapt_intermediates/import_includes)  -I system/core/include -I system/media/audio/include -I hardware/libhardware/include -I hardware/libhardware_legacy/include -I hardware/ril/include -I libnativehelper/include -I frameworks/native/include -I frameworks/native/opengl/include -I frameworks/av/include  -c  -fno-exceptions -Wno-multichar -Wa,--noexecstack -fPIC -no-canonical-prefixes -U_FORTIFY_SOURCE -D_FORTIFY_SOURCE=2 -fstack-protector -D__STDC_FORMAT_MACROS -D__STDC_CONSTANT_MACROS -O2 -g -fno-strict-aliasing --gcc-toolchain=prebuilts/gcc/linux-x86/host/x86_64-linux-glibc2.15-4.8 --sysroot prebuilts/gcc/linux-x86/host/x86_64-linux-glibc2.15-4.8/sysroot -fstack-protector-strong -m64 -DANDROID -fmessage-length=0 -W -Wall -Wno-unused -Winit-self -Wpointer-arith -DNDEBUG -UDEBUG -fdebug-prefix-map=/proc/self/cwd= -D__compiler_offsetof=__builtin_offsetof -Werror=int-conversion -Wno-reserved-id-macro -Wno-format-pedantic -Wno-unused-command-line-argument -fcolor-diagnostics -Wno-expansion-to-defined -fdebug-prefix-map=\$PWD/=   -target x86_64-linux-gnu -Bprebuilts/gcc/linux-x86/host/x86_64-linux-glibc2.15-4.8/x86_64-linux/bin  -Wsign-promo -Wno-inconsistent-missing-override -Wno-null-dereference -D_LIBCPP_ENABLE_THREAD_SAFETY_ANNOTATIONS -Wno-thread-safety-negative -isystem prebuilts/gcc/linux-x86/host/x86_64-linux-glibc2.15-4.8/x86_64-linux/include/c++/4.8 -isystem prebuilts/gcc/linux-x86/host/x86_64-linux-glibc2.15-4.8/x86_64-linux/include/c++/4.8/backward -isystem prebuilts/gcc/linux-x86/host/x86_64-linux-glibc2.15-4.8/x86_64-linux/include/c++/4.8/x86_64-linux -std=gnu++14  -Wno-format-y2k -DSTATIC_ANDROIDFW_FOR_TOOLS -DAAPT_VERSION=\\\"\$(cat out/build_number.txt)\\\" -Wall -Werror -fPIC -D_USING_LIBCXX -DANDROID_STRICT -nostdinc++  -Werror=int-to-pointer-cast -Werror=pointer-to-int-cast -Werror=address-of-temporary -Werror=return-type   -MD -MF out/host/linux-x86/obj/STATIC_LIBRARIES/libaapt_intermediates/AaptXml.d -o out/host/linux-x86/obj/STATIC_LIBRARIES/libaapt_intermediates/AaptXml.o frameworks/base/tools/aapt/AaptXml.cpp"
[  0% 7/110469] /bin/bash -c "PWD=/proc/self/cwd prebuilts/misc/linux-x86/ccache/ccache prebuilts/clang/host/linux-x86/clang-4053586/bin/clang++ 	-I frameworks/base/tools/aapt -I out/host/linux-x86/obj/STATIC_LIBRARIES/libaapt_intermediates -I out/host/linux-x86/gen/STATIC_LIBRARIES/libaapt_intermediates -I libnativehelper/include_deprecated \$(cat out/host/linux-x86/obj/STATIC_LIBRARIES/libaapt_intermediates/import_includes)  -I system/core/include -I system/media/audio/include -I hardware/libhardware/include -I hardware/libhardware_legacy/include -I hardware/ril/include -I libnativehelper/include -I frameworks/native/include -I frameworks/native/opengl/include -I frameworks/av/include  -c  -fno-exceptions -Wno-multichar -Wa,--noexecstack -fPIC -no-canonical-prefixes -U_FORTIFY_SOURCE -D_FORTIFY_SOURCE=2 -fstack-protector -D__STDC_FORMAT_MACROS -D__STDC_CONSTANT_MACROS -O2 -g -fno-strict-aliasing --gcc-toolchain=prebuilts/gcc/linux-x86/host/x86_64-linux-glibc2.15-4.8 --sysroot prebuilts/gcc/linux-x86/host/x86_64-linux-glibc2.15-4.8/sysroot -fstack-protector-strong -m64 -DANDROID -fmessage-length=0 -W -Wall -Wno-unused -Winit-self -Wpointer-arith -DNDEBUG -UDEBUG -fdebug-prefix-map=/proc/self/cwd= -D__compiler_offsetof=__builtin_offsetof -Werror=int-conversion -Wno-reserved-id-macro -Wno-format-pedantic -Wno-unused-command-line-argument -fcolor-diagnostics -Wno-expansion-to-defined -fdebug-prefix-map=\$PWD/=   -target x86_64-linux-gnu -Bprebuilts/gcc/linux-x86/host/x86_64-linux-glibc2.15-4.8/x86_64-linux/bin  -Wsign-promo -Wno-inconsistent-missing-override -Wno-null-dereference -D_LIBCPP_ENABLE_THREAD_SAFETY_ANNOTATIONS -Wno-thread-safety-negative -isystem prebuilts/gcc/linux-x86/host/x86_64-linux-glibc2.15-4.8/x86_64-linux/include/c++/4.8 -isystem prebuilts/gcc/linux-x86/host/x86_64-linux-glibc2.15-4.8/x86_64-linux/include/c++/4.8/backward -isystem prebuilts/gcc/linux-x86/host/x86_64-linux-glibc2.15-4.8/x86_64-linux/include/c++/4.8/x86_64-linux -std=gnu++14  -Wno-format-y2k -DSTATIC_ANDROIDFW_FOR_TOOLS -DAAPT_VERSION=\\\"\$(cat out/build_number.txt)\\\" -Wall -Werror -fPIC -D_USING_LIBCXX -DANDROID_STRICT -nostdinc++  -Werror=int-to-pointer-cast -Werror=pointer-to-int-cast -Werror=address-of-temporary -Werror=return-type   -MD -MF out/host/linux-x86/obj/STATIC_LIBRARIES/libaapt_intermediates/AaptConfig.d -o out/host/linux-x86/obj/STATIC_LIBRARIES/libaapt_intermediates/AaptConfig.o frameworks/base/tools/aapt/AaptConfig.cpp"
[  0% 8/110469] /bin/bash -c "PWD=/proc/self/cwd vendor/qcom/proprietary/llvm-arm-toolchain-ship/4.0/bin/clang++ 	-I bootable/recovery -I bootable/recovery/otafault -I out/target/product/msm8996/obj/STATIC_LIBRARIES/libotafault_intermediates -I out/target/product/msm8996/gen/STATIC_LIBRARIES/libotafault_intermediates -I libnativehelper/include_deprecated \$(cat out/target/product/msm8996/obj/STATIC_LIBRARIES/libotafault_intermediates/import_includes)  -I system/core/include -I system/media/audio/include -I hardware/libhardware/include -I hardware/libhardware_legacy/include -I hardware/ril/include -I libnativehelper/include -I frameworks/native/include -I frameworks/native/opengl/include -I frameworks/av/include -isystem out/target/product/msm8996/obj/include -isystem bionic/libc/arch-arm64/include -isystem bionic/libc/include -isystem bionic/libc/kernel/uapi -isystem bionic/libc/kernel/uapi/asm-arm64 -isystem bionic/libc/kernel/android/scsi -isystem bionic/libc/kernel/android/uapi -c  -fno-exceptions -Wno-multichar -fno-strict-aliasing -fstack-protector-strong -ffunction-sections -fdata-sections -funwind-tables -Wa,--noexecstack -Werror=format-security -D_FORTIFY_SOURCE=2 -fno-short-enums -no-canonical-prefixes -Werror=pointer-to-int-cast -Werror=int-to-pointer-cast -Werror=implicit-function-declaration -DNDEBUG -O2 -g -Wstrict-aliasing=2 -DANDROID -fmessage-length=0 -W -Wall -Wno-unused -Winit-self -Wpointer-arith -DNDEBUG -UDEBUG -fdebug-prefix-map=/proc/self/cwd= -D__compiler_offsetof=__builtin_offsetof -Werror=int-conversion -Wno-reserved-id-macro -Wno-format-pedantic -Wno-unused-command-line-argument -fcolor-diagnostics -Wno-expansion-to-defined -fdebug-prefix-map=\$PWD/= -Werror=return-type -Werror=non-virtual-dtor -Werror=address -Werror=sequence-point -Werror=date-time -nostdlibinc -mcpu=kryo -target aarch64-linux-android -Bprebuilts/gcc/linux-x86/aarch64/aarch64-linux-android-4.9/aarch64-linux-android/bin  -Wsign-promo -Wno-inconsistent-missing-override -Wno-null-dereference -D_LIBCPP_ENABLE_THREAD_SAFETY_ANNOTATIONS -Wno-thread-safety-negative -fvisibility-inlines-hidden -std=gnu++14   -fno-rtti -Werror -Wthread-safety -Wthread-safety-negative -D_LIBCPP_ENABLE_THREAD_SAFETY_ANNOTATIONS -fPIC -D_USING_LIBCXX -DANDROID_STRICT   -Werror=int-to-pointer-cast -Werror=pointer-to-int-cast -Werror=address-of-temporary -Werror=return-type   -Wno-vectorizer-no-neon -Wno-vectorizer-no-neon -MD -MF out/target/product/msm8996/obj/STATIC_LIBRARIES/libotafault_intermediates/ota_io.d -o out/target/product/msm8996/obj/STATIC_LIBRARIES/libotafault_intermediates/ota_io.o bootable/recovery/otafault/ota_io.cpp"
[  0% 9/110469] /bin/bash -c "(if [ ! -z \"msm_defconfig\" ]; then 			rm -f ../../out/target/product/msm8996/obj/kernel/msm-3.18/.config; 			make -j2 -C kernel/msm-3.18 O=../../out/target/product/msm8996/obj/kernel/msm-3.18 ARCH=arm64 CROSS_COMPILE=aarch64-linux-android- msm_defconfig; 			make -j2 -C kernel/msm-3.18 O=../../out/target/product/msm8996/obj/kernel/msm-3.18 ARCH=arm64 CROSS_COMPILE=aarch64-linux-android- headers_install; fi ) && (if [ \"msm_defconfig\" != \"msm_defconfig\" ]; then 			echo \"Used a different defconfig for header generation\"; 			rm -f ../../out/target/product/msm8996/obj/kernel/msm-3.18/.config; 			make -j2 -C kernel/msm-3.18 O=../../out/target/product/msm8996/obj/kernel/msm-3.18 ARCH=arm64 CROSS_COMPILE=aarch64-linux-android- msm_defconfig; fi ) && (if [ ! -z \"\" ]; then 			echo \"Overriding kernel config with ''\"; 			echo  >> out/target/product/msm8996/obj/kernel/msm-3.18/.config; 			make -j2 -C kernel/msm-3.18 O=../../out/target/product/msm8996/obj/kernel/msm-3.18 ARCH=arm64 CROSS_COMPILE=aarch64-linux-android- oldconfig; fi )"
make: Entering directory '/android/msm8996/kernel/msm-3.18'
make[1]: Entering directory '/android/msm8996/out/target/product/msm8996/obj/kernel/msm-3.18'
/android/msm8996/kernel/msm-3.18/arch/arm64/Makefile:130: warning: overriding recipe for target 'vdso_prepare'
/android/msm8996/kernel/msm-3.18/arch/arm64/Makefile:120: warning: ignoring old recipe for target 'vdso_prepare'
  GEN     ./Makefile
#
# configuration written to .config
#
make[1]: Leaving directory '/android/msm8996/out/target/product/msm8996/obj/kernel/msm-3.18'
make: Leaving directory '/android/msm8996/kernel/msm-3.18'
make: Entering directory '/android/msm8996/kernel/msm-3.18'
make[1]: Entering directory '/android/msm8996/out/target/product/msm8996/obj/kernel/msm-3.18'
/android/msm8996/kernel/msm-3.18/arch/arm64/Makefile:130: warning: overriding recipe for target 'vdso_prepare'
/android/msm8996/kernel/msm-3.18/arch/arm64/Makefile:120: warning: ignoring old recipe for target 'vdso_prepare'
  CHK     include/generated/uapi/linux/version.h
make[1]: Leaving directory '/android/msm8996/out/target/product/msm8996/obj/kernel/msm-3.18'
make: Leaving directory '/android/msm8996/kernel/msm-3.18'
[  0% 10/110469] /bin/bash -c "make -j2 -C bootable/bootloader/lk/ TOOLCHAIN_PREFIX=../../../prebuilts/gcc/linux-x86/arm/arm-eabi-4.8/bin/arm-eabi- BOOTLOADER_OUT=../../../out/target/product/msm8996/obj/EMMC_BOOTLOADER_OBJ msm8996  EMMC_BOOT=1 SIGNED_KERNEL=1 VERIFIED_BOOT=1 ENABLE_DISPLAY=1 ENABLE_BOOTDEVICE_MOUNT=1 DEFAULT_UNLOCK=true  BOARD_NAME=QC_Reference_Phone ENABLE_VB_ATTEST=1 OSVERSION_IN_BOOTIMAGE=1"
make: Entering directory '/android/msm8996/bootable/bootloader/lk'
make[1]: Entering directory '/android/msm8996/bootable/bootloader/lk'
including app/aboot app/mmutest app/tests dev/fbcon dev/gcdb/display dev/keys dev/pmic/pm8x41 dev/pmic/pmi8994 dev/qpnp_haptic dev/qpnp_led dev/qpnp_wled dev/vib lib/debug lib/heap lib/libc lib/libfdt lib/openssl lib/ptable
including lib/openssl/crypto lib/zlib_inflate
generating ../../../out/target/product/msm8996/obj/EMMC_BOOTLOADER_OBJ/build-msm8996/system-onesegment.ld
generating ../../../out/target/product/msm8996/obj/EMMC_BOOTLOADER_OBJ/build-msm8996/config.h
linking ../../../out/target/product/msm8996/obj/EMMC_BOOTLOADER_OBJ/build-msm8996/lk
../../../prebuilts/gcc/linux-x86/arm/arm-eabi-4.8/bin/arm-eabi-ld: warning: /android/msm8996/prebuilts/gcc/linux-x86/arm/arm-eabi-4.8/bin/../lib/gcc/arm-eabi/4.8/libgcc.a(bpabi.o) uses 32-bit enums yet the output is to use variable-size enums; use of enum values across objects may fail
../../../prebuilts/gcc/linux-x86/arm/arm-eabi-4.8/bin/arm-eabi-ld: warning: /android/msm8996/prebuilts/gcc/linux-x86/arm/arm-eabi-4.8/bin/../lib/gcc/arm-eabi/4.8/libgcc.a(_divdi3.o) uses 32-bit enums yet the output is to use variable-size enums; use of enum values across objects may fail
../../../prebuilts/gcc/linux-x86/arm/arm-eabi-4.8/bin/arm-eabi-ld: warning: /android/msm8996/prebuilts/gcc/linux-x86/arm/arm-eabi-4.8/bin/../lib/gcc/arm-eabi/4.8/libgcc.a(_udivdi3.o) uses 32-bit enums yet the output is to use variable-size enums; use of enum values across objects may fail
generating image: ../../../out/target/product/msm8996/obj/EMMC_BOOTLOADER_OBJ/build-msm8996/lk.bin
   text	   data	    bss	    dec	    hex	filename
 472008	 303224	 202872	 978104	  eecb8	../../../out/target/product/msm8996/obj/EMMC_BOOTLOADER_OBJ/build-msm8996/lk
../../../prebuilts/gcc/linux-x86/arm/arm-eabi-4.8/bin/arm-eabi-objcopy -O binary ../../../out/target/product/msm8996/obj/EMMC_BOOTLOADER_OBJ/build-msm8996/lk ../../../out/target/product/msm8996/obj/EMMC_BOOTLOADER_OBJ/build-msm8996/lk.bin
generating listing: ../../../out/target/product/msm8996/obj/EMMC_BOOTLOADER_OBJ/build-msm8996/lk.lst
generating listing: ../../../out/target/product/msm8996/obj/EMMC_BOOTLOADER_OBJ/build-msm8996/lk.debug.lst
generating symbols: ../../../out/target/product/msm8996/obj/EMMC_BOOTLOADER_OBJ/build-msm8996/lk.sym
generating size map: ../../../out/target/product/msm8996/obj/EMMC_BOOTLOADER_OBJ/build-msm8996/lk.size
generating stripped elf: ../../../out/target/product/msm8996/obj/EMMC_BOOTLOADER_OBJ/build-msm8996/lk_s.elf
cp -f ../../../out/target/product/msm8996/obj/EMMC_BOOTLOADER_OBJ/build-msm8996/lk_s.elf ../../../out/target/product/msm8996/obj/EMMC_BOOTLOADER_OBJ/../../emmc_appsboot.mbn
make[1]: Leaving directory '/android/msm8996/bootable/bootloader/lk'
make: Leaving directory '/android/msm8996/bootable/bootloader/lk'
ninja: build stopped: subcommand failed.
