including device/generic/car/vendorsetup.sh
including device/generic/mini-emulator-arm64/vendorsetup.sh
including device/generic/mini-emulator-armv7-a-neon/vendorsetup.sh
including device/generic/mini-emulator-x86/vendorsetup.sh
including device/generic/mini-emulator-x86_64/vendorsetup.sh
including device/generic/uml/vendorsetup.sh
including device/qcom/common/vendorsetup.sh
including vendor/qcom/proprietary/common/vendorsetup.sh
including sdk/bash_completion/adb.bash

============================================
PLATFORM_VERSION_CODENAME=REL
PLATFORM_VERSION=8.1.0
TARGET_PRODUCT=msm8996
TARGET_BUILD_VARIANT=userdebug
TARGET_BUILD_TYPE=release
TARGET_PLATFORM_VERSION=OPM1
TARGET_BUILD_APPS=
TARGET_ARCH=arm64
TARGET_ARCH_VARIANT=armv8-a
TARGET_CPU_VARIANT=kryo
TARGET_2ND_ARCH=arm
TARGET_2ND_ARCH_VARIANT=armv7-a-neon
TARGET_2ND_CPU_VARIANT=cortex-a9
HOST_ARCH=x86_64
HOST_2ND_ARCH=x86
HOST_OS=linux
HOST_OS_EXTRA=Linux-4.15.0-20-generic-x86_64-with-Ubuntu-18.04-bionic
HOST_CROSS_OS=windows
HOST_CROSS_ARCH=x86
HOST_CROSS_2ND_ARCH=x86_64
HOST_BUILD_TYPE=release
BUILD_ID=OPM1.171019.026
OUT_DIR=out
AUX_OS_VARIANT_LIST=
============================================

INFO: Build Android tree for msm8996

============================================
PLATFORM_VERSION_CODENAME=REL
PLATFORM_VERSION=8.1.0
TARGET_PRODUCT=msm8996
TARGET_BUILD_VARIANT=userdebug
TARGET_BUILD_TYPE=release
TARGET_ARCH=arm64
TARGET_ARCH_VARIANT=armv8-a
TARGET_CPU_VARIANT=kryo
TARGET_2ND_ARCH=arm
TARGET_2ND_ARCH_VARIANT=armv7-a-neon
TARGET_2ND_CPU_VARIANT=cortex-a9
HOST_ARCH=x86_64
HOST_2ND_ARCH=x86
HOST_OS=linux
HOST_OS_EXTRA=Linux-4.15.0-20-generic-x86_64-with-Ubuntu-18.04-bionic
HOST_CROSS_OS=windows
HOST_CROSS_ARCH=x86
HOST_CROSS_2ND_ARCH=x86_64
HOST_BUILD_TYPE=release
BUILD_ID=OPM1.171019.026
OUT_DIR=out
============================================
[1/2] out/soong/.bootstrap/bin/minibp out/soong/.minibootstrap/build.ninja.in
[2/2] bootstrap out/soong/.minibootstrap/build.ninja.in
[1/1] out/soong/.bootstrap/bin/minibp out/soong/.bootstrap/build.ninja
[1/1] out/soong/.bootstrap/bin/soong_build out/soong/build.ninja
[ 50% 1/2] out/soong/.bootstrap/bin/bpglob -o out/soong/.glob/art.glob  "art"
[100% 2/2] out/soong/.bootstrap/bin/soong_build  -t -b out/soong -d out/soong/build.ninja.d -o out/soong/build.ninja Android.bp
[ 50% 1/2] out/soong/.bootstrap/bin/bpglob -o out/soong/.glob/art.glob  "art"
[  0% 1/112384] /bin/bash -c "rm -f out/target/product/msm8996/emmc_appsboot.mbn"
[  0% 2/112384] /bin/bash -c "PWD=/proc/self/cwd vendor/qcom/proprietary/llvm-arm-toolchain-ship/4.0/bin/clang 	-I external/libdrm/include/drm -I external/libdrm -I out/target/product/msm8996/obj/STATIC_LIBRARIES/libdrm_platform_intermediates -I out/target/product/msm8996/gen/STATIC_LIBRARIES/libdrm_platform_intermediates -I libnativehelper/include_deprecated \$(cat out/target/product/msm8996/obj/STATIC_LIBRARIES/libdrm_platform_intermediates/import_includes)  -I system/core/include -I system/media/audio/include -I hardware/libhardware/include -I hardware/libhardware_legacy/include -I hardware/ril/include -I libnativehelper/include -I frameworks/native/include -I frameworks/native/opengl/include -I frameworks/av/include -isystem out/target/product/msm8996/obj/include -isystem bionic/libc/arch-arm64/include -isystem bionic/libc/include -isystem bionic/libc/kernel/uapi -isystem bionic/libc/kernel/uapi/asm-arm64 -isystem bionic/libc/kernel/android/scsi -isystem bionic/libc/kernel/android/uapi -c  -fno-exceptions -Wno-multichar -fno-strict-aliasing -fstack-protector-strong -ffunction-sections -fdata-sections -funwind-tables -Wa,--noexecstack -Werror=format-security -D_FORTIFY_SOURCE=2 -fno-short-enums -no-canonical-prefixes -Werror=pointer-to-int-cast -Werror=int-to-pointer-cast -Werror=implicit-function-declaration -DNDEBUG -O2 -g -Wstrict-aliasing=2 -DANDROID -fmessage-length=0 -W -Wall -Wno-unused -Winit-self -Wpointer-arith -DNDEBUG -UDEBUG -fdebug-prefix-map=/proc/self/cwd= -D__compiler_offsetof=__builtin_offsetof -Werror=int-conversion -Wno-reserved-id-macro -Wno-format-pedantic -Wno-unused-command-line-argument -fcolor-diagnostics -Wno-expansion-to-defined -fdebug-prefix-map=\$PWD/= -Werror=return-type -Werror=non-virtual-dtor -Werror=address -Werror=sequence-point -Werror=date-time -nostdlibinc -mcpu=kryo -target aarch64-linux-android -Bprebuilts/gcc/linux-x86/aarch64/aarch64-linux-android-4.9/aarch64-linux-android/bin   -std=gnu99    -Wno-enum-conversion -Wno-pointer-arith -Wno-sign-compare -Wno-tautological-compare -DMAJOR_IN_SYSMACROS=1 -DHAVE_VISIBILITY=1 -DHAVE_LIBDRM_ATOMIC_PRIMITIVES=1 -Wno-unused-parameter -Wno-missing-field-initializers -fPIC -D_USING_LIBCXX   -Werror=int-to-pointer-cast -Werror=pointer-to-int-cast -Werror=address-of-temporary -Werror=return-type -Wno-vectorizer-no-neon -Wno-vectorizer-no-neon -MD -MF out/target/product/msm8996/obj/STATIC_LIBRARIES/libdrm_platform_intermediates/xf86drm.d -o out/target/product/msm8996/obj/STATIC_LIBRARIES/libdrm_platform_intermediates/xf86drm.o external/libdrm/xf86drm.c"
FAILED: out/target/product/msm8996/obj/STATIC_LIBRARIES/libdrm_platform_intermediates/xf86drm.o 
/bin/bash -c "PWD=/proc/self/cwd vendor/qcom/proprietary/llvm-arm-toolchain-ship/4.0/bin/clang 	-I external/libdrm/include/drm -I external/libdrm -I out/target/product/msm8996/obj/STATIC_LIBRARIES/libdrm_platform_intermediates -I out/target/product/msm8996/gen/STATIC_LIBRARIES/libdrm_platform_intermediates -I libnativehelper/include_deprecated \$(cat out/target/product/msm8996/obj/STATIC_LIBRARIES/libdrm_platform_intermediates/import_includes)  -I system/core/include -I system/media/audio/include -I hardware/libhardware/include -I hardware/libhardware_legacy/include -I hardware/ril/include -I libnativehelper/include -I frameworks/native/include -I frameworks/native/opengl/include -I frameworks/av/include -isystem out/target/product/msm8996/obj/include -isystem bionic/libc/arch-arm64/include -isystem bionic/libc/include -isystem bionic/libc/kernel/uapi -isystem bionic/libc/kernel/uapi/asm-arm64 -isystem bionic/libc/kernel/android/scsi -isystem bionic/libc/kernel/android/uapi -c  -fno-exceptions -Wno-multichar -fno-strict-aliasing -fstack-protector-strong -ffunction-sections -fdata-sections -funwind-tables -Wa,--noexecstack -Werror=format-security -D_FORTIFY_SOURCE=2 -fno-short-enums -no-canonical-prefixes -Werror=pointer-to-int-cast -Werror=int-to-pointer-cast -Werror=implicit-function-declaration -DNDEBUG -O2 -g -Wstrict-aliasing=2 -DANDROID -fmessage-length=0 -W -Wall -Wno-unused -Winit-self -Wpointer-arith -DNDEBUG -UDEBUG -fdebug-prefix-map=/proc/self/cwd= -D__compiler_offsetof=__builtin_offsetof -Werror=int-conversion -Wno-reserved-id-macro -Wno-format-pedantic -Wno-unused-command-line-argument -fcolor-diagnostics -Wno-expansion-to-defined -fdebug-prefix-map=\$PWD/= -Werror=return-type -Werror=non-virtual-dtor -Werror=address -Werror=sequence-point -Werror=date-time -nostdlibinc -mcpu=kryo -target aarch64-linux-android -Bprebuilts/gcc/linux-x86/aarch64/aarch64-linux-android-4.9/aarch64-linux-android/bin   -std=gnu99    -Wno-enum-conversion -Wno-pointer-arith -Wno-sign-compare -Wno-tautological-compare -DMAJOR_IN_SYSMACROS=1 -DHAVE_VISIBILITY=1 -DHAVE_LIBDRM_ATOMIC_PRIMITIVES=1 -Wno-unused-parameter -Wno-missing-field-initializers -fPIC -D_USING_LIBCXX   -Werror=int-to-pointer-cast -Werror=pointer-to-int-cast -Werror=address-of-temporary -Werror=return-type -Wno-vectorizer-no-neon -Wno-vectorizer-no-neon -MD -MF out/target/product/msm8996/obj/STATIC_LIBRARIES/libdrm_platform_intermediates/xf86drm.d -o out/target/product/msm8996/obj/STATIC_LIBRARIES/libdrm_platform_intermediates/xf86drm.o external/libdrm/xf86drm.c"
#0 0x000000000139fd84 PrintStackTraceSignalHandler(void*) (vendor/qcom/proprietary/llvm-arm-toolchain-ship/4.0/bin/clang+0x139fd84)
#1 0x00000000013a0076 SignalHandler(int) (vendor/qcom/proprietary/llvm-arm-toolchain-ship/4.0/bin/clang+0x13a0076)
#2 0x00007f9edb4de890 __restore_rt (/lib/x86_64-linux-gnu/libpthread.so.0+0x12890)
#3 0x000000000104915c llvm::InstCombiner::visitGetElementPtrInst(llvm::GetElementPtrInst&) (vendor/qcom/proprietary/llvm-arm-toolchain-ship/4.0/bin/clang+0x104915c)
#4 0x0000000001050180 llvm::InstCombiner::run() (vendor/qcom/proprietary/llvm-arm-toolchain-ship/4.0/bin/clang+0x1050180)
#5 0x0000000001051534 combineInstructionsOverFunction(llvm::Function&, llvm::InstCombineWorklist&, llvm::AAResults*, llvm::AssumptionCache&, llvm::TargetLibraryInfo&, llvm::DominatorTree&, bool, llvm::LoopInfo*) (vendor/qcom/proprietary/llvm-arm-toolchain-ship/4.0/bin/clang+0x1051534)
#6 0x00000000010518e8 llvm::InstructionCombiningPass::runOnFunction(llvm::Function&) (vendor/qcom/proprietary/llvm-arm-toolchain-ship/4.0/bin/clang+0x10518e8)
#7 0x0000000000f1b953 llvm::FPPassManager::runOnFunction(llvm::Function&) (vendor/qcom/proprietary/llvm-arm-toolchain-ship/4.0/bin/clang+0xf1b953)
#8 0x0000000000f1bb43 llvm::FPPassManager::runOnModule(llvm::Module&) (vendor/qcom/proprietary/llvm-arm-toolchain-ship/4.0/bin/clang+0xf1bb43)
#9 0x0000000000f1bfb4 llvm::legacy::PassManagerImpl::run(llvm::Module&) (vendor/qcom/proprietary/llvm-arm-toolchain-ship/4.0/bin/clang+0xf1bfb4)
#10 0x00000000015104de clang::EmitBackendOutput(clang::DiagnosticsEngine&, clang::HeaderSearchOptions const&, clang::CodeGenOptions const&, clang::TargetOptions const&, clang::LangOptions const&, llvm::DataLayout const&, llvm::Module*, clang::BackendAction, std::__1::unique_ptr<llvm::raw_pwrite_stream, std::__1::default_delete<llvm::raw_pwrite_stream> >) (vendor/qcom/proprietary/llvm-arm-toolchain-ship/4.0/bin/clang+0x15104de)
#11 0x0000000001c94d69 clang::BackendConsumer::HandleTranslationUnit(clang::ASTContext&) (vendor/qcom/proprietary/llvm-arm-toolchain-ship/4.0/bin/clang+0x1c94d69)
#12 0x00000000020d1aa5 clang::ParseAST(clang::Sema&, bool, bool) (vendor/qcom/proprietary/llvm-arm-toolchain-ship/4.0/bin/clang+0x20d1aa5)
#13 0x0000000001895fb0 clang::FrontendAction::Execute() (vendor/qcom/proprietary/llvm-arm-toolchain-ship/4.0/bin/clang+0x1895fb0)
#14 0x000000000185ed58 clang::CompilerInstance::ExecuteAction(clang::FrontendAction&) (vendor/qcom/proprietary/llvm-arm-toolchain-ship/4.0/bin/clang+0x185ed58)
#15 0x000000000191789d clang::ExecuteCompilerInvocation(clang::CompilerInstance*) (vendor/qcom/proprietary/llvm-arm-toolchain-ship/4.0/bin/clang+0x191789d)
#16 0x000000000084b204 cc1_main(llvm::ArrayRef<char const*>, char const*, void*) (vendor/qcom/proprietary/llvm-arm-toolchain-ship/4.0/bin/clang+0x84b204)
#17 0x000000000084a2b2 main (vendor/qcom/proprietary/llvm-arm-toolchain-ship/4.0/bin/clang+0x84a2b2)
#18 0x00007f9ed9dedb97 __libc_start_main /build/glibc-OTsEL5/glibc-2.27/csu/../csu/libc-start.c:344:0
#19 0x00000000008471f9 _start (vendor/qcom/proprietary/llvm-arm-toolchain-ship/4.0/bin/clang+0x8471f9)
Stack dump:
0.	Program arguments: vendor/qcom/proprietary/llvm-arm-toolchain-ship/4.0/bin/clang -cc1 -triple aarch64--linux-android -emit-obj -mnoexecstack -disable-free -disable-llvm-verifier -discard-value-names -main-file-name xf86drm.c -mrelocation-model pic -pic-level 2 -mthread-model posix -mdisable-fp-elim -mllvm -enable-lsr-nested=true -relaxed-aliasing -fmath-errno -masm-verbose -mconstructor-aliases -munwind-tables -fuse-init-array -target-cpu kryo -target-feature +neon -target-feature +crc -target-feature +crypto -target-feature +zcm -target-feature +zcz -target-abi aapcs -backend-option -aarch64-fix-cortex-a53-835769=1 -Wno-c99-declaration-after-statement -Wno-nested-assign -Wno-undefined-optimized -mllvm -enable-quic -mllvm -enable-round-robin-RA=true -mllvm -inline-threshold-multicaller-size=0 -dwarf-column-info -debug-info-kind=limited -dwarf-version=4 -debugger-tuning=gdb -ffunction-sections -fdata-sections -coverage-notes-file /proc/self/cwd/out/target/product/msm8996/obj/STATIC_LIBRARIES/libdrm_platform_intermediates/xf86drm.gcno -nostdsysteminc -resource-dir vendor/qcom/proprietary/llvm-arm-toolchain-ship/4.0/lib/clang/4.0.10 -dependency-file out/target/product/msm8996/obj/STATIC_LIBRARIES/libdrm_platform_intermediates/xf86drm.d -MT out/target/product/msm8996/obj/STATIC_LIBRARIES/libdrm_platform_intermediates/xf86drm.o -sys-header-deps -isystem out/target/product/msm8996/obj/include -isystem bionic/libc/arch-arm64/include -isystem bionic/libc/include -isystem bionic/libc/kernel/uapi -isystem bionic/libc/kernel/uapi/asm-arm64 -isystem bionic/libc/kernel/android/scsi -isystem bionic/libc/kernel/android/uapi -I external/libdrm/include/drm -I external/libdrm -I out/target/product/msm8996/obj/STATIC_LIBRARIES/libdrm_platform_intermediates -I out/target/product/msm8996/gen/STATIC_LIBRARIES/libdrm_platform_intermediates -I libnativehelper/include_deprecated -I external/libcxx/include -I external/libcxxabi/include -I system/core/include -I system/media/audio/include -I hardware/libhardware/include -I hardware/libhardware_legacy/include -I hardware/ril/include -I libnativehelper/include -I frameworks/native/include -I frameworks/native/opengl/include -I frameworks/av/include -D _FORTIFY_SOURCE=2 -D NDEBUG -D ANDROID -D NDEBUG -U DEBUG -D __compiler_offsetof=__builtin_offsetof -D MAJOR_IN_SYSMACROS=1 -D HAVE_VISIBILITY=1 -D HAVE_LIBDRM_ATOMIC_PRIMITIVES=1 -D _USING_LIBCXX -internal-isystem vendor/qcom/proprietary/llvm-arm-toolchain-ship/4.0/lib/clang/4.0.10/include -O2 -Wno-multichar -Werror=format-security -Werror=pointer-to-int-cast -Werror=int-to-pointer-cast -Werror=implicit-function-declaration -Wstrict-aliasing=2 -W -Wall -Wno-unused -Winit-self -Wpointer-arith -Werror=int-conversion -Wno-reserved-id-macro -Wno-format-pedantic -Wno-unused-command-line-argument -Wno-expansion-to-defined -Werror=return-type -Werror=non-virtual-dtor -Werror=address -Werror=sequence-point -Werror=date-time -Wno-enum-conversion -Wno-pointer-arith -Wno-sign-compare -Wno-tautological-compare -Wno-unused-parameter -Wno-missing-field-initializers -Werror=int-to-pointer-cast -Werror=pointer-to-int-cast -Werror=address-of-temporary -Werror=return-type -Wno-vectorizer-no-neon -Wno-vectorizer-no-neon -std=gnu99 -fdebug-compilation-dir /proc/self/cwd -fdebug-prefix-map=/proc/self/cwd= -fdebug-prefix-map=/android/msm8996/= -ferror-limit 19 -fmessage-length 0 -femulated-tls -mllvm -polly -mllvm -polly-opt-simplify-deps=no -mllvm -select-conversion-before-polly=true -mllvm -polly-after-gvn=true -mllvm -phi-node-folding-threshold=3 -mllvm -loop-unswitch-threshold=150 -mllvm -qc-driver-skip-rotate-if-loop-has-cfg=true -mllvm -polly-max-pointer-aliasing-checks=4 -mllvm -emit-polly-annotations=true -mllvm -quantize-vector-factor=true -mllvm -polly-runtime-alias-check=quic -mllvm -polly-placement=late -mllvm -polly-privatize-scalars -mllvm -polly-force-outer-loop-av=false -mllvm -polly-post-rtc-profitabilty -mllvm -polly-use-llvm-names=false -mllvm -polly-detect-track-failures=false -mllvm -polly-tiling=false -mllvm -force-polly-aligned=false -mllvm -polly-rtc-max-parameters=7 -mllvm -polly-overflow-tracking=never -mllvm -polly-invariant-load-hoisting -mllvm -polly-dependences-computeout=700000 -mllvm -polly-model-select=true -mllvm -allow-sink-load-store=false -mllvm -qc-driver=2 -mllvm -polly-vectorizer=neonv8 -mllvm -polly-no-32-bits-wrap-addr-calc=true -mllvm -enable-select-to-intrinsics=true -mllvm -enable-if-triangle-prior-store=true -mllvm -polly-opt-level=vector -stack-protector 2 -fallow-half-arguments-and-returns -fno-signed-char -fobjc-runtime=gcc -fdiagnostics-show-option -fcolor-diagnostics -vectorize-slp -o out/target/product/msm8996/obj/STATIC_LIBRARIES/libdrm_platform_intermediates/xf86drm.o -x c external/libdrm/xf86drm.c 
1.	<eof> parser at end of file
2.	Per-module optimization passes
3.	Running pass 'Function Pass Manager' on module 'external/libdrm/xf86drm.c'.
4.	Running pass 'Combine redundant instructions' on function '@sysfs_uevent_get'
clang: error: unable to execute command: Segmentation fault (core dumped)
clang: error: clang frontend command failed due to signal (use -v to see invocation)
Target: aarch64--linux-android
Thread model: posix
Snapdragon LLVM ARM Compiler 4.0.10 for Android NDK (based on llvm.org 4.0+)
clang version 4.0.10 for Android NDK
InstalledDir: vendor/qcom/proprietary/llvm-arm-toolchain-ship/4.0/bin
clang: note: diagnostic msg: Please report the bug through your designated Qualcomm/QuIC support channel.
clang: note: diagnostic msg: 
********************

PLEASE ATTACH THE FOLLOWING FILES TO THE BUG REPORT:
Preprocessed source(s) and associated run script(s) are located at:
clang: note: diagnostic msg: /tmp/xf86drm-a01a82.c
clang: note: diagnostic msg: /tmp/xf86drm-a01a82.sh
clang: note: diagnostic msg: 

********************
[  0% 3/112384] /bin/bash -c "PWD=/proc/self/cwd vendor/qcom/proprietary/llvm-arm-toolchain-ship/4.0/bin/clang++ 	-I system/core/adb -I out/target/product/msm8996/obj/STATIC_LIBRARIES/libadbd_intermediates -I out/target/product/msm8996/gen/STATIC_LIBRARIES/libadbd_intermediates -I libnativehelper/include_deprecated \$(cat out/target/product/msm8996/obj/STATIC_LIBRARIES/libadbd_intermediates/import_includes)  -I system/core/include -I system/media/audio/include -I hardware/libhardware/include -I hardware/libhardware_legacy/include -I hardware/ril/include -I libnativehelper/include -I frameworks/native/include -I frameworks/native/opengl/include -I frameworks/av/include -isystem out/target/product/msm8996/obj/include -isystem bionic/libc/arch-arm64/include -isystem bionic/libc/include -isystem bionic/libc/kernel/uapi -isystem bionic/libc/kernel/uapi/asm-arm64 -isystem bionic/libc/kernel/android/scsi -isystem bionic/libc/kernel/android/uapi -c  -fno-exceptions -Wno-multichar -fno-strict-aliasing -fstack-protector-strong -ffunction-sections -fdata-sections -funwind-tables -Wa,--noexecstack -Werror=format-security -D_FORTIFY_SOURCE=2 -fno-short-enums -no-canonical-prefixes -Werror=pointer-to-int-cast -Werror=int-to-pointer-cast -Werror=implicit-function-declaration -DNDEBUG -O2 -g -Wstrict-aliasing=2 -DANDROID -fmessage-length=0 -W -Wall -Wno-unused -Winit-self -Wpointer-arith -DNDEBUG -UDEBUG -fdebug-prefix-map=/proc/self/cwd= -D__compiler_offsetof=__builtin_offsetof -Werror=int-conversion -Wno-reserved-id-macro -Wno-format-pedantic -Wno-unused-command-line-argument -fcolor-diagnostics -Wno-expansion-to-defined -fdebug-prefix-map=\$PWD/= -Werror=return-type -Werror=non-virtual-dtor -Werror=address -Werror=sequence-point -Werror=date-time -nostdlibinc -mcpu=kryo -target aarch64-linux-android -Bprebuilts/gcc/linux-x86/aarch64/aarch64-linux-android-4.9/aarch64-linux-android/bin  -Wsign-promo -Wno-inconsistent-missing-override -Wno-null-dereference -D_LIBCPP_ENABLE_THREAD_SAFETY_ANNOTATIONS -Wno-thread-safety-negative -fvisibility-inlines-hidden -std=gnu++14   -fno-rtti -Wall -Wextra -Werror -Wno-unused-parameter -Wno-missing-field-initializers -Wvla -DADB_VERSION=\"\\\"0.0.0-\$(cat out/build_number.txt)\\\"\" -fvisibility=hidden -DADB_HOST=0 -fPIC -D_USING_LIBCXX -DANDROID_STRICT   -Werror=int-to-pointer-cast -Werror=pointer-to-int-cast -Werror=address-of-temporary -Werror=return-type   -Wno-vectorizer-no-neon -Wno-vectorizer-no-neon -MD -MF out/target/product/msm8996/obj/STATIC_LIBRARIES/libadbd_intermediates/transport_usb.d -o out/target/product/msm8996/obj/STATIC_LIBRARIES/libadbd_intermediates/transport_usb.o system/core/adb/transport_usb.cpp"
[  0% 4/112384] /bin/bash -c "PWD=/proc/self/cwd vendor/qcom/proprietary/llvm-arm-toolchain-ship/4.0/bin/clang++ 	-I system/core/adb -I out/target/product/msm8996/obj/STATIC_LIBRARIES/libadbd_intermediates -I out/target/product/msm8996/gen/STATIC_LIBRARIES/libadbd_intermediates -I libnativehelper/include_deprecated \$(cat out/target/product/msm8996/obj/STATIC_LIBRARIES/libadbd_intermediates/import_includes)  -I system/core/include -I system/media/audio/include -I hardware/libhardware/include -I hardware/libhardware_legacy/include -I hardware/ril/include -I libnativehelper/include -I frameworks/native/include -I frameworks/native/opengl/include -I frameworks/av/include -isystem out/target/product/msm8996/obj/include -isystem bionic/libc/arch-arm64/include -isystem bionic/libc/include -isystem bionic/libc/kernel/uapi -isystem bionic/libc/kernel/uapi/asm-arm64 -isystem bionic/libc/kernel/android/scsi -isystem bionic/libc/kernel/android/uapi -c  -fno-exceptions -Wno-multichar -fno-strict-aliasing -fstack-protector-strong -ffunction-sections -fdata-sections -funwind-tables -Wa,--noexecstack -Werror=format-security -D_FORTIFY_SOURCE=2 -fno-short-enums -no-canonical-prefixes -Werror=pointer-to-int-cast -Werror=int-to-pointer-cast -Werror=implicit-function-declaration -DNDEBUG -O2 -g -Wstrict-aliasing=2 -DANDROID -fmessage-length=0 -W -Wall -Wno-unused -Winit-self -Wpointer-arith -DNDEBUG -UDEBUG -fdebug-prefix-map=/proc/self/cwd= -D__compiler_offsetof=__builtin_offsetof -Werror=int-conversion -Wno-reserved-id-macro -Wno-format-pedantic -Wno-unused-command-line-argument -fcolor-diagnostics -Wno-expansion-to-defined -fdebug-prefix-map=\$PWD/= -Werror=return-type -Werror=non-virtual-dtor -Werror=address -Werror=sequence-point -Werror=date-time -nostdlibinc -mcpu=kryo -target aarch64-linux-android -Bprebuilts/gcc/linux-x86/aarch64/aarch64-linux-android-4.9/aarch64-linux-android/bin  -Wsign-promo -Wno-inconsistent-missing-override -Wno-null-dereference -D_LIBCPP_ENABLE_THREAD_SAFETY_ANNOTATIONS -Wno-thread-safety-negative -fvisibility-inlines-hidden -std=gnu++14   -fno-rtti -Wall -Wextra -Werror -Wno-unused-parameter -Wno-missing-field-initializers -Wvla -DADB_VERSION=\"\\\"0.0.0-\$(cat out/build_number.txt)\\\"\" -fvisibility=hidden -DADB_HOST=0 -fPIC -D_USING_LIBCXX -DANDROID_STRICT   -Werror=int-to-pointer-cast -Werror=pointer-to-int-cast -Werror=address-of-temporary -Werror=return-type   -Wno-vectorizer-no-neon -Wno-vectorizer-no-neon -MD -MF out/target/product/msm8996/obj/STATIC_LIBRARIES/libadbd_intermediates/adbd_auth.d -o out/target/product/msm8996/obj/STATIC_LIBRARIES/libadbd_intermediates/adbd_auth.o system/core/adb/adbd_auth.cpp"
[  0% 5/112384] /bin/bash -c "PWD=/proc/self/cwd vendor/qcom/proprietary/llvm-arm-toolchain-ship/4.0/bin/clang++ 	-I system/core/adb -I out/target/product/msm8996/obj/STATIC_LIBRARIES/libadbd_intermediates -I out/target/product/msm8996/gen/STATIC_LIBRARIES/libadbd_intermediates -I libnativehelper/include_deprecated \$(cat out/target/product/msm8996/obj/STATIC_LIBRARIES/libadbd_intermediates/import_includes)  -I system/core/include -I system/media/audio/include -I hardware/libhardware/include -I hardware/libhardware_legacy/include -I hardware/ril/include -I libnativehelper/include -I frameworks/native/include -I frameworks/native/opengl/include -I frameworks/av/include -isystem out/target/product/msm8996/obj/include -isystem bionic/libc/arch-arm64/include -isystem bionic/libc/include -isystem bionic/libc/kernel/uapi -isystem bionic/libc/kernel/uapi/asm-arm64 -isystem bionic/libc/kernel/android/scsi -isystem bionic/libc/kernel/android/uapi -c  -fno-exceptions -Wno-multichar -fno-strict-aliasing -fstack-protector-strong -ffunction-sections -fdata-sections -funwind-tables -Wa,--noexecstack -Werror=format-security -D_FORTIFY_SOURCE=2 -fno-short-enums -no-canonical-prefixes -Werror=pointer-to-int-cast -Werror=int-to-pointer-cast -Werror=implicit-function-declaration -DNDEBUG -O2 -g -Wstrict-aliasing=2 -DANDROID -fmessage-length=0 -W -Wall -Wno-unused -Winit-self -Wpointer-arith -DNDEBUG -UDEBUG -fdebug-prefix-map=/proc/self/cwd= -D__compiler_offsetof=__builtin_offsetof -Werror=int-conversion -Wno-reserved-id-macro -Wno-format-pedantic -Wno-unused-command-line-argument -fcolor-diagnostics -Wno-expansion-to-defined -fdebug-prefix-map=\$PWD/= -Werror=return-type -Werror=non-virtual-dtor -Werror=address -Werror=sequence-point -Werror=date-time -nostdlibinc -mcpu=kryo -target aarch64-linux-android -Bprebuilts/gcc/linux-x86/aarch64/aarch64-linux-android-4.9/aarch64-linux-android/bin  -Wsign-promo -Wno-inconsistent-missing-override -Wno-null-dereference -D_LIBCPP_ENABLE_THREAD_SAFETY_ANNOTATIONS -Wno-thread-safety-negative -fvisibility-inlines-hidden -std=gnu++14   -fno-rtti -Wall -Wextra -Werror -Wno-unused-parameter -Wno-missing-field-initializers -Wvla -DADB_VERSION=\"\\\"0.0.0-\$(cat out/build_number.txt)\\\"\" -fvisibility=hidden -DADB_HOST=0 -fPIC -D_USING_LIBCXX -DANDROID_STRICT   -Werror=int-to-pointer-cast -Werror=pointer-to-int-cast -Werror=address-of-temporary -Werror=return-type   -Wno-vectorizer-no-neon -Wno-vectorizer-no-neon -MD -MF out/target/product/msm8996/obj/STATIC_LIBRARIES/libadbd_intermediates/transport_local.d -o out/target/product/msm8996/obj/STATIC_LIBRARIES/libadbd_intermediates/transport_local.o system/core/adb/transport_local.cpp"
[  0% 6/112384] /bin/bash -c "PWD=/proc/self/cwd vendor/qcom/proprietary/llvm-arm-toolchain-ship/4.0/bin/clang++ 	-I system/core/adb -I out/target/product/msm8996/obj/STATIC_LIBRARIES/libadbd_intermediates -I out/target/product/msm8996/gen/STATIC_LIBRARIES/libadbd_intermediates -I libnativehelper/include_deprecated \$(cat out/target/product/msm8996/obj/STATIC_LIBRARIES/libadbd_intermediates/import_includes)  -I system/core/include -I system/media/audio/include -I hardware/libhardware/include -I hardware/libhardware_legacy/include -I hardware/ril/include -I libnativehelper/include -I frameworks/native/include -I frameworks/native/opengl/include -I frameworks/av/include -isystem out/target/product/msm8996/obj/include -isystem bionic/libc/arch-arm64/include -isystem bionic/libc/include -isystem bionic/libc/kernel/uapi -isystem bionic/libc/kernel/uapi/asm-arm64 -isystem bionic/libc/kernel/android/scsi -isystem bionic/libc/kernel/android/uapi -c  -fno-exceptions -Wno-multichar -fno-strict-aliasing -fstack-protector-strong -ffunction-sections -fdata-sections -funwind-tables -Wa,--noexecstack -Werror=format-security -D_FORTIFY_SOURCE=2 -fno-short-enums -no-canonical-prefixes -Werror=pointer-to-int-cast -Werror=int-to-pointer-cast -Werror=implicit-function-declaration -DNDEBUG -O2 -g -Wstrict-aliasing=2 -DANDROID -fmessage-length=0 -W -Wall -Wno-unused -Winit-self -Wpointer-arith -DNDEBUG -UDEBUG -fdebug-prefix-map=/proc/self/cwd= -D__compiler_offsetof=__builtin_offsetof -Werror=int-conversion -Wno-reserved-id-macro -Wno-format-pedantic -Wno-unused-command-line-argument -fcolor-diagnostics -Wno-expansion-to-defined -fdebug-prefix-map=\$PWD/= -Werror=return-type -Werror=non-virtual-dtor -Werror=address -Werror=sequence-point -Werror=date-time -nostdlibinc -mcpu=kryo -target aarch64-linux-android -Bprebuilts/gcc/linux-x86/aarch64/aarch64-linux-android-4.9/aarch64-linux-android/bin  -Wsign-promo -Wno-inconsistent-missing-override -Wno-null-dereference -D_LIBCPP_ENABLE_THREAD_SAFETY_ANNOTATIONS -Wno-thread-safety-negative -fvisibility-inlines-hidden -std=gnu++14   -fno-rtti -Wall -Wextra -Werror -Wno-unused-parameter -Wno-missing-field-initializers -Wvla -DADB_VERSION=\"\\\"0.0.0-\$(cat out/build_number.txt)\\\"\" -fvisibility=hidden -DADB_HOST=0 -fPIC -D_USING_LIBCXX -DANDROID_STRICT   -Werror=int-to-pointer-cast -Werror=pointer-to-int-cast -Werror=address-of-temporary -Werror=return-type   -Wno-vectorizer-no-neon -Wno-vectorizer-no-neon -MD -MF out/target/product/msm8996/obj/STATIC_LIBRARIES/libadbd_intermediates/jdwp_service.d -o out/target/product/msm8996/obj/STATIC_LIBRARIES/libadbd_intermediates/jdwp_service.o system/core/adb/jdwp_service.cpp"
[  0% 7/112384] /bin/bash -c "make -j2 -C bootable/bootloader/lk/ TOOLCHAIN_PREFIX=../../../prebuilts/gcc/linux-x86/arm/arm-eabi-4.8/bin/arm-eabi- BOOTLOADER_OUT=../../../out/target/product/msm8996/obj/EMMC_BOOTLOADER_OBJ msm8996  EMMC_BOOT=1 SIGNED_KERNEL=1 VERIFIED_BOOT=1 ENABLE_DISPLAY=1 ENABLE_BOOTDEVICE_MOUNT=1 DEFAULT_UNLOCK=true  BOARD_NAME=QC_Reference_Phone ENABLE_VB_ATTEST=1 OSVERSION_IN_BOOTIMAGE=1"
make: Entering directory '/android/msm8996/bootable/bootloader/lk'
make[1]: Entering directory '/android/msm8996/bootable/bootloader/lk'
including app/aboot app/mmutest app/tests dev/fbcon dev/gcdb/display dev/keys dev/pmic/pm8x41 dev/pmic/pmi8994 dev/qpnp_haptic dev/qpnp_led dev/qpnp_wled dev/vib lib/debug lib/heap lib/libc lib/libfdt lib/openssl lib/ptable
including lib/openssl/crypto lib/zlib_inflate
generating ../../../out/target/product/msm8996/obj/EMMC_BOOTLOADER_OBJ/build-msm8996/config.h
generating ../../../out/target/product/msm8996/obj/EMMC_BOOTLOADER_OBJ/build-msm8996/system-onesegment.ld
linking ../../../out/target/product/msm8996/obj/EMMC_BOOTLOADER_OBJ/build-msm8996/lk
../../../prebuilts/gcc/linux-x86/arm/arm-eabi-4.8/bin/arm-eabi-ld: warning: /android/msm8996/prebuilts/gcc/linux-x86/arm/arm-eabi-4.8/bin/../lib/gcc/arm-eabi/4.8/libgcc.a(bpabi.o) uses 32-bit enums yet the output is to use variable-size enums; use of enum values across objects may fail
../../../prebuilts/gcc/linux-x86/arm/arm-eabi-4.8/bin/arm-eabi-ld: warning: /android/msm8996/prebuilts/gcc/linux-x86/arm/arm-eabi-4.8/bin/../lib/gcc/arm-eabi/4.8/libgcc.a(_divdi3.o) uses 32-bit enums yet the output is to use variable-size enums; use of enum values across objects may fail
../../../prebuilts/gcc/linux-x86/arm/arm-eabi-4.8/bin/arm-eabi-ld: warning: /android/msm8996/prebuilts/gcc/linux-x86/arm/arm-eabi-4.8/bin/../lib/gcc/arm-eabi/4.8/libgcc.a(_udivdi3.o) uses 32-bit enums yet the output is to use variable-size enums; use of enum values across objects may fail
generating image: ../../../out/target/product/msm8996/obj/EMMC_BOOTLOADER_OBJ/build-msm8996/lk.bin
generating listing: ../../../out/target/product/msm8996/obj/EMMC_BOOTLOADER_OBJ/build-msm8996/lk.lst
   text	   data	    bss	    dec	    hex	filename
 472008	 303224	 202872	 978104	  eecb8	../../../out/target/product/msm8996/obj/EMMC_BOOTLOADER_OBJ/build-msm8996/lk
../../../prebuilts/gcc/linux-x86/arm/arm-eabi-4.8/bin/arm-eabi-objcopy -O binary ../../../out/target/product/msm8996/obj/EMMC_BOOTLOADER_OBJ/build-msm8996/lk ../../../out/target/product/msm8996/obj/EMMC_BOOTLOADER_OBJ/build-msm8996/lk.bin
generating listing: ../../../out/target/product/msm8996/obj/EMMC_BOOTLOADER_OBJ/build-msm8996/lk.debug.lst
generating symbols: ../../../out/target/product/msm8996/obj/EMMC_BOOTLOADER_OBJ/build-msm8996/lk.sym
generating size map: ../../../out/target/product/msm8996/obj/EMMC_BOOTLOADER_OBJ/build-msm8996/lk.size
generating stripped elf: ../../../out/target/product/msm8996/obj/EMMC_BOOTLOADER_OBJ/build-msm8996/lk_s.elf
cp -f ../../../out/target/product/msm8996/obj/EMMC_BOOTLOADER_OBJ/build-msm8996/lk_s.elf ../../../out/target/product/msm8996/obj/EMMC_BOOTLOADER_OBJ/../../emmc_appsboot.mbn
make[1]: Leaving directory '/android/msm8996/bootable/bootloader/lk'
make: Leaving directory '/android/msm8996/bootable/bootloader/lk'
[  0% 8/112384] /bin/bash -c "(if [ ! -z \"msm_defconfig\" ]; then 			rm -f ../../out/target/product/msm8996/obj/kernel/msm-3.18/.config; 			make -j2 -C kernel/msm-3.18 O=../../out/target/product/msm8996/obj/kernel/msm-3.18 ARCH=arm64 CROSS_COMPILE=aarch64-linux-android- msm_defconfig; 			make -j2 -C kernel/msm-3.18 O=../../out/target/product/msm8996/obj/kernel/msm-3.18 ARCH=arm64 CROSS_COMPILE=aarch64-linux-android- headers_install; fi ) && (if [ \"msm_defconfig\" != \"msm_defconfig\" ]; then 			echo \"Used a different defconfig for header generation\"; 			rm -f ../../out/target/product/msm8996/obj/kernel/msm-3.18/.config; 			make -j2 -C kernel/msm-3.18 O=../../out/target/product/msm8996/obj/kernel/msm-3.18 ARCH=arm64 CROSS_COMPILE=aarch64-linux-android- msm_defconfig; fi ) && (if [ ! -z \"\" ]; then 			echo \"Overriding kernel config with ''\"; 			echo  >> out/target/product/msm8996/obj/kernel/msm-3.18/.config; 			make -j2 -C kernel/msm-3.18 O=../../out/target/product/msm8996/obj/kernel/msm-3.18 ARCH=arm64 CROSS_COMPILE=aarch64-linux-android- oldconfig; fi )"
make: Entering directory '/android/msm8996/kernel/msm-3.18'
make[1]: Entering directory '/android/msm8996/out/target/product/msm8996/obj/kernel/msm-3.18'
/android/msm8996/kernel/msm-3.18/arch/arm64/Makefile:130: warning: overriding recipe for target 'vdso_prepare'
/android/msm8996/kernel/msm-3.18/arch/arm64/Makefile:120: warning: ignoring old recipe for target 'vdso_prepare'
  GEN     ./Makefile
#
# configuration written to .config
#
make[1]: Leaving directory '/android/msm8996/out/target/product/msm8996/obj/kernel/msm-3.18'
make: Leaving directory '/android/msm8996/kernel/msm-3.18'
make: Entering directory '/android/msm8996/kernel/msm-3.18'
make[1]: Entering directory '/android/msm8996/out/target/product/msm8996/obj/kernel/msm-3.18'
/android/msm8996/kernel/msm-3.18/arch/arm64/Makefile:130: warning: overriding recipe for target 'vdso_prepare'
/android/msm8996/kernel/msm-3.18/arch/arm64/Makefile:120: warning: ignoring old recipe for target 'vdso_prepare'
  CHK     include/generated/uapi/linux/version.h
make[1]: Leaving directory '/android/msm8996/out/target/product/msm8996/obj/kernel/msm-3.18'
make: Leaving directory '/android/msm8996/kernel/msm-3.18'
[  0% 9/112384] /bin/bash -c "PWD=/proc/self/cwd vendor/qcom/proprietary/llvm-arm-toolchain-ship/4.0/bin/clang++ 	-I system/core/adb -I out/target/product/msm8996/obj/STATIC_LIBRARIES/libadbd_intermediates -I out/target/product/msm8996/gen/STATIC_LIBRARIES/libadbd_intermediates -I libnativehelper/include_deprecated \$(cat out/target/product/msm8996/obj/STATIC_LIBRARIES/libadbd_intermediates/import_includes)  -I system/core/include -I system/media/audio/include -I hardware/libhardware/include -I hardware/libhardware_legacy/include -I hardware/ril/include -I libnativehelper/include -I frameworks/native/include -I frameworks/native/opengl/include -I frameworks/av/include -isystem out/target/product/msm8996/obj/include -isystem bionic/libc/arch-arm64/include -isystem bionic/libc/include -isystem bionic/libc/kernel/uapi -isystem bionic/libc/kernel/uapi/asm-arm64 -isystem bionic/libc/kernel/android/scsi -isystem bionic/libc/kernel/android/uapi -c  -fno-exceptions -Wno-multichar -fno-strict-aliasing -fstack-protector-strong -ffunction-sections -fdata-sections -funwind-tables -Wa,--noexecstack -Werror=format-security -D_FORTIFY_SOURCE=2 -fno-short-enums -no-canonical-prefixes -Werror=pointer-to-int-cast -Werror=int-to-pointer-cast -Werror=implicit-function-declaration -DNDEBUG -O2 -g -Wstrict-aliasing=2 -DANDROID -fmessage-length=0 -W -Wall -Wno-unused -Winit-self -Wpointer-arith -DNDEBUG -UDEBUG -fdebug-prefix-map=/proc/self/cwd= -D__compiler_offsetof=__builtin_offsetof -Werror=int-conversion -Wno-reserved-id-macro -Wno-format-pedantic -Wno-unused-command-line-argument -fcolor-diagnostics -Wno-expansion-to-defined -fdebug-prefix-map=\$PWD/= -Werror=return-type -Werror=non-virtual-dtor -Werror=address -Werror=sequence-point -Werror=date-time -nostdlibinc -mcpu=kryo -target aarch64-linux-android -Bprebuilts/gcc/linux-x86/aarch64/aarch64-linux-android-4.9/aarch64-linux-android/bin  -Wsign-promo -Wno-inconsistent-missing-override -Wno-null-dereference -D_LIBCPP_ENABLE_THREAD_SAFETY_ANNOTATIONS -Wno-thread-safety-negative -fvisibility-inlines-hidden -std=gnu++14   -fno-rtti -Wall -Wextra -Werror -Wno-unused-parameter -Wno-missing-field-initializers -Wvla -DADB_VERSION=\"\\\"0.0.0-\$(cat out/build_number.txt)\\\"\" -fvisibility=hidden -DADB_HOST=0 -fPIC -D_USING_LIBCXX -DANDROID_STRICT   -Werror=int-to-pointer-cast -Werror=pointer-to-int-cast -Werror=address-of-temporary -Werror=return-type   -Wno-vectorizer-no-neon -Wno-vectorizer-no-neon -MD -MF out/target/product/msm8996/obj/STATIC_LIBRARIES/libadbd_intermediates/transport.d -o out/target/product/msm8996/obj/STATIC_LIBRARIES/libadbd_intermediates/transport.o system/core/adb/transport.cpp"
ninja: build stopped: subcommand failed.
