
============================================
PLATFORM_VERSION_CODENAME=Q
PLATFORM_VERSION=Q
TARGET_PRODUCT=db410c32_only
TARGET_BUILD_VARIANT=userdebug
TARGET_BUILD_TYPE=release
TARGET_ARCH=arm
TARGET_ARCH_VARIANT=armv8-a
TARGET_CPU_VARIANT=cortex-a53
HOST_ARCH=x86_64
HOST_2ND_ARCH=x86
HOST_OS=linux
HOST_OS_EXTRA=Linux-4.2.0-27-generic-x86_64-Ubuntu-14.04.4-LTS
HOST_CROSS_OS=windows
HOST_CROSS_ARCH=x86
HOST_CROSS_2ND_ARCH=x86_64
HOST_BUILD_TYPE=release
BUILD_ID=PI
OUT_DIR=out
============================================

INFO: Removing entire out dir. . .

18:08:58 Entire build directory removed.

[0;32m#### build completed successfully (1 seconds) ####[00m


INFO: Setting CCACHE with 10 GB

