including device/generic/car/vendorsetup.sh
including device/generic/mini-emulator-arm64/vendorsetup.sh
including device/generic/mini-emulator-armv7-a-neon/vendorsetup.sh
including device/generic/mini-emulator-x86_64/vendorsetup.sh
including device/generic/mini-emulator-x86/vendorsetup.sh
including device/generic/uml/vendorsetup.sh
including device/qcom/common/vendorsetup.sh
including sdk/bash_completion/adb.bash

============================================
PLATFORM_VERSION_CODENAME=REL
PLATFORM_VERSION=8.1.0
TARGET_PRODUCT=msm8996
TARGET_BUILD_VARIANT=userdebug
TARGET_BUILD_TYPE=release
TARGET_PLATFORM_VERSION=OPM1
TARGET_BUILD_APPS=
TARGET_ARCH=arm64
TARGET_ARCH_VARIANT=armv8-a
TARGET_CPU_VARIANT=kryo
TARGET_2ND_ARCH=arm
TARGET_2ND_ARCH_VARIANT=armv7-a-neon
TARGET_2ND_CPU_VARIANT=cortex-a9
HOST_ARCH=x86_64
HOST_2ND_ARCH=x86
HOST_OS=linux
HOST_OS_EXTRA=Linux-4.13.0-36-generic-x86_64-with-Ubuntu-16.04-xenial
HOST_CROSS_OS=windows
HOST_CROSS_ARCH=x86
HOST_CROSS_2ND_ARCH=x86_64
HOST_BUILD_TYPE=release
BUILD_ID=OPM1.171019.019
OUT_DIR=out
AUX_OS_VARIANT_LIST=
============================================

INFO: Build Android tree for msm8996

============================================
PLATFORM_VERSION_CODENAME=REL
PLATFORM_VERSION=8.1.0
TARGET_PRODUCT=msm8996
TARGET_BUILD_VARIANT=userdebug
TARGET_BUILD_TYPE=release
TARGET_ARCH=arm64
TARGET_ARCH_VARIANT=armv8-a
TARGET_CPU_VARIANT=kryo
TARGET_2ND_ARCH=arm
TARGET_2ND_ARCH_VARIANT=armv7-a-neon
TARGET_2ND_CPU_VARIANT=cortex-a9
HOST_ARCH=x86_64
HOST_2ND_ARCH=x86
HOST_OS=linux
HOST_OS_EXTRA=Linux-4.13.0-36-generic-x86_64-with-Ubuntu-16.04-xenial
HOST_CROSS_OS=windows
HOST_CROSS_ARCH=x86
HOST_CROSS_2ND_ARCH=x86_64
HOST_BUILD_TYPE=release
BUILD_ID=OPM1.171019.019
OUT_DIR=out
============================================
ninja: no work to do.
[1/6] test android/soong/cc/config
FAILED: out/soong/.bootstrap/soong-cc-config/test/test.passed 
out/soong/.bootstrap/bin/gotestrunner -p ./build/soong/cc/config -f out/soong/.bootstrap/soong-cc-config/test/test.passed -- out/soong/.bootstrap/soong-cc-config/test/test -test.short
panic: read /home/android/oreo_820: is a directory

goroutine 1 [running]:
android/soong/cc/config.setSdclangVars()
	/home/android/oreo_820/build/soong/cc/config/global.go:206 +0x17bc
android/soong/cc/config.init.2()
	/home/android/oreo_820/build/soong/cc/config/global.go:179 +0xcd6
android/soong/cc/config.init()
	/home/android/oreo_820/build/soong/cc/config/tidy_test.go:42 +0x3cbb
main.init()
	/home/android/oreo_820/out/soong/.bootstrap/soong-cc-config/test/test.go:64 +0x58
[2/6] link out/soong/.bootstrap/soong_build/obj/a.out
ninja: build stopped: subcommand failed.
