including device/asus/fugu/vendorsetup.sh
including device/fsl/imx6/vendorsetup.sh
including device/fsl/imx7/vendorsetup.sh
including device/fsl/imx8/vendorsetup.sh
including device/generic/car/car-arm64/vendorsetup.sh
including device/generic/car/car-armv7-a-neon/vendorsetup.sh
including device/generic/car/car-x86_64/vendorsetup.sh
including device/generic/car/car-x86/vendorsetup.sh
including device/generic/mini-emulator-arm64/vendorsetup.sh
including device/generic/mini-emulator-armv7-a-neon/vendorsetup.sh
including device/generic/mini-emulator-mips64/vendorsetup.sh
including device/generic/mini-emulator-mips/vendorsetup.sh
including device/generic/mini-emulator-x86_64/vendorsetup.sh
including device/generic/mini-emulator-x86/vendorsetup.sh
including device/google/dragon/vendorsetup.sh
including device/google/marlin/vendorsetup.sh
including device/google/muskie/vendorsetup.sh
including device/google/taimen/vendorsetup.sh
including device/huawei/angler/vendorsetup.sh
including device/lge/bullhead/vendorsetup.sh
including device/linaro/hikey/vendorsetup.sh
including sdk/bash_completion/adb.bash

============================================
PLATFORM_VERSION_CODENAME=REL
PLATFORM_VERSION=8.0.0
TARGET_PRODUCT=sabresd_7d
TARGET_BUILD_VARIANT=userdebug
TARGET_BUILD_TYPE=release
TARGET_PLATFORM_VERSION=OPD1
TARGET_BUILD_APPS=
TARGET_ARCH=arm
TARGET_ARCH_VARIANT=armv7-a-neon
TARGET_CPU_VARIANT=cortex-a7
TARGET_2ND_ARCH=
TARGET_2ND_ARCH_VARIANT=
TARGET_2ND_CPU_VARIANT=
HOST_ARCH=x86_64
HOST_2ND_ARCH=x86
HOST_OS=linux
HOST_OS_EXTRA=Linux-4.4.0-31-generic-x86_64-with-Ubuntu-16.04-xenial
HOST_CROSS_OS=windows
HOST_CROSS_ARCH=x86
HOST_CROSS_2ND_ARCH=x86_64
HOST_BUILD_TYPE=release
BUILD_ID=1.0.0-rfp-rc4
OUT_DIR=out
AUX_OS_VARIANT_LIST=
============================================

INFO: Removing entire out dir. . .


[0;32m#### make completed successfully (3 seconds) ####[00m


INFO: Setting CCACHE with 10 GB

Cleared cache
Set cache size limit to 10.0 Gbytes

INFO: Build Android tree for sabresd_7d

============================================
PLATFORM_VERSION_CODENAME=REL
PLATFORM_VERSION=8.0.0
TARGET_PRODUCT=sabresd_7d
TARGET_BUILD_VARIANT=userdebug
TARGET_BUILD_TYPE=release
TARGET_ARCH=arm
TARGET_ARCH_VARIANT=armv7-a-neon
TARGET_CPU_VARIANT=cortex-a7
HOST_ARCH=x86_64
HOST_2ND_ARCH=x86
HOST_OS=linux
HOST_OS_EXTRA=Linux-4.4.0-31-generic-x86_64-with-Ubuntu-16.04-xenial
HOST_CROSS_OS=windows
HOST_CROSS_ARCH=x86
HOST_CROSS_2ND_ARCH=x86_64
HOST_BUILD_TYPE=release
BUILD_ID=1.0.0-rfp-rc4
OUT_DIR=out
============================================
[1/38] compile out/soong/.bootstrap/blueprint-deptools/pkg/github.com/google/blueprint/deptools.a
[2/38] compile out/soong/.bootstrap/gotestrunner/obj/gotestrunner.a
[3/38] compile out/soong/.bootstrap/blueprint-proptools/pkg/github.com/google/blueprint/proptools.a
[4/38] compile out/soong/.bootstrap/blueprint-pathtools/pkg/github.com/google/blueprint/pathtools.a
[5/38] compile out/soong/.bootstrap/blueprint-pathtools/test/github.com/google/blueprint/pathtools.a
[6/38] compile out/soong/.bootstrap/gotestmain/obj/gotestmain.a
[7/38] compile out/soong/.bootstrap/blueprint-parser/pkg/github.com/google/blueprint/parser.a
[8/38] link out/soong/.bootstrap/gotestrunner/obj/a.out
[9/38] cp out/soong/.bootstrap/bin/gotestrunner
[10/38] compile out/soong/.bootstrap/blueprint-parser/test/github.com/google/blueprint/parser.a
[11/38] link out/soong/.bootstrap/gotestmain/obj/a.out
[12/38] cp out/soong/.bootstrap/bin/gotestmain
[13/38] compile out/soong/.bootstrap/blueprint-proptools/test/github.com/google/blueprint/proptools.a
[14/38] gotestmain out/soong/.bootstrap/blueprint/test/test.go
[15/38] gotestmain out/soong/.bootstrap/blueprint-parser/test/test.go
[16/38] gotestmain out/soong/.bootstrap/blueprint-pathtools/test/test.go
[17/38] gotestmain out/soong/.bootstrap/blueprint-proptools/test/test.go
[18/38] compile out/soong/.bootstrap/blueprint-pathtools/test/test.a
[19/38] compile out/soong/.bootstrap/blueprint-parser/test/test.a
[20/38] compile out/soong/.bootstrap/blueprint-proptools/test/test.a
[21/38] link out/soong/.bootstrap/blueprint-proptools/test/test
[22/38] test github.com/google/blueprint/proptools
[23/38] link out/soong/.bootstrap/blueprint-parser/test/test
[24/38] link out/soong/.bootstrap/blueprint-pathtools/test/test
[25/38] test github.com/google/blueprint/parser
[26/38] test github.com/google/blueprint/pathtools
[27/38] compile out/soong/.bootstrap/blueprint/pkg/github.com/google/blueprint.a
[28/38] compile out/soong/.bootstrap/blueprint/test/github.com/google/blueprint.a
[29/38] compile out/soong/.bootstrap/blueprint/test/test.a
[30/38] compile out/soong/.bootstrap/blueprint-bootstrap-bpdoc/pkg/github.com/google/blueprint/bootstrap/bpdoc.a
[31/38] link out/soong/.bootstrap/blueprint/test/test
[32/38] test github.com/google/blueprint
[33/38] compile out/soong/.bootstrap/blueprint-bootstrap/pkg/github.com/google/blueprint/bootstrap.a
[34/38] compile out/soong/.bootstrap/minibp/obj/minibp.a
[35/38] link out/soong/.bootstrap/minibp/obj/a.out
[36/38] cp out/soong/.bootstrap/bin/minibp
