including device/device/asus/fugu/vendorsetup.sh
including device/device/fsl/imx6/vendorsetup.sh
including device/device/fsl/imx7/vendorsetup.sh
including device/device/fsl/imx8/vendorsetup.sh
including device/device/generic/mini-emulator-arm64/vendorsetup.sh
including device/device/generic/mini-emulator-armv7-a-neon/vendorsetup.sh
including device/device/generic/mini-emulator-mips64/vendorsetup.sh
including device/device/generic/mini-emulator-mips/vendorsetup.sh
including device/device/generic/mini-emulator-x86_64/vendorsetup.sh
including device/device/generic/mini-emulator-x86/vendorsetup.sh
including device/device/google/dragon/vendorsetup.sh
including device/device/google/marlin/vendorsetup.sh
including device/device/google/muskie/vendorsetup.sh
including device/device/google/taimen/vendorsetup.sh
including device/device/huawei/angler/vendorsetup.sh
including device/device/lge/bullhead/vendorsetup.sh
including device/device/linaro/hikey/vendorsetup.sh
including device/generic/car/vendorsetup.sh
including device/generic/mini-emulator-arm64/vendorsetup.sh
including device/generic/mini-emulator-armv7-a-neon/vendorsetup.sh
including device/generic/mini-emulator-x86_64/vendorsetup.sh
including device/generic/mini-emulator-x86/vendorsetup.sh
including device/generic/uml/vendorsetup.sh
including device/qcom/common/vendorsetup.sh
including vendor/qcom/proprietary/common/vendorsetup.sh
including sdk/bash_completion/adb.bash
