including device/asus/fugu/vendorsetup.sh
including device/generic/car/vendorsetup.sh
including device/generic/mini-emulator-arm64/vendorsetup.sh
including device/generic/mini-emulator-armv7-a-neon/vendorsetup.sh
including device/generic/mini-emulator-mips64/vendorsetup.sh
including device/generic/mini-emulator-mips/vendorsetup.sh
including device/generic/mini-emulator-x86_64/vendorsetup.sh
including device/generic/mini-emulator-x86/vendorsetup.sh
including device/generic/uml/vendorsetup.sh
including device/google/dragon/vendorsetup.sh
including device/google/marlin/vendorsetup.sh
including device/google/muskie/vendorsetup.sh
including device/google/taimen/vendorsetup.sh
including device/huawei/angler/vendorsetup.sh
including device/lge/bullhead/vendorsetup.sh
including device/linaro/hikey/vendorsetup.sh
including device/qcom/common/vendorsetup.sh
including vendor/qcom/proprietary/common/vendorsetup.sh
including sdk/bash_completion/adb.bash

============================================
PLATFORM_VERSION_CODENAME=REL
PLATFORM_VERSION=8.1.0
TARGET_PRODUCT=msm8996
TARGET_BUILD_VARIANT=userdebug
TARGET_BUILD_TYPE=release
TARGET_PLATFORM_VERSION=OPM1
TARGET_BUILD_APPS=
TARGET_ARCH=arm64
TARGET_ARCH_VARIANT=armv8-a
TARGET_CPU_VARIANT=kryo
TARGET_2ND_ARCH=arm
TARGET_2ND_ARCH_VARIANT=armv7-a-neon
TARGET_2ND_CPU_VARIANT=cortex-a9
HOST_ARCH=x86_64
HOST_2ND_ARCH=x86
HOST_OS=linux
HOST_OS_EXTRA=Linux-4.4.0-34-generic-x86_64-with-Ubuntu-16.04-xenial
HOST_CROSS_OS=windows
HOST_CROSS_ARCH=x86
HOST_CROSS_2ND_ARCH=x86_64
HOST_BUILD_TYPE=release
BUILD_ID=OPM1.171019.026
OUT_DIR=out
AUX_OS_VARIANT_LIST=
============================================

INFO: Build Android tree for msm8996

============================================
PLATFORM_VERSION_CODENAME=REL
PLATFORM_VERSION=8.1.0
TARGET_PRODUCT=msm8996
TARGET_BUILD_VARIANT=userdebug
TARGET_BUILD_TYPE=release
TARGET_ARCH=arm64
TARGET_ARCH_VARIANT=armv8-a
TARGET_CPU_VARIANT=kryo
TARGET_2ND_ARCH=arm
TARGET_2ND_ARCH_VARIANT=armv7-a-neon
TARGET_2ND_CPU_VARIANT=cortex-a9
HOST_ARCH=x86_64
HOST_2ND_ARCH=x86
HOST_OS=linux
HOST_OS_EXTRA=Linux-4.4.0-34-generic-x86_64-with-Ubuntu-16.04-xenial
HOST_CROSS_OS=windows
HOST_CROSS_ARCH=x86
HOST_CROSS_2ND_ARCH=x86_64
HOST_BUILD_TYPE=release
BUILD_ID=OPM1.171019.026
OUT_DIR=out
============================================
[1/2] out/soong/.bootstrap/bin/minibp out/soong/.minibootstrap/build.ninja.in
[2/2] bootstrap out/soong/.minibootstrap/build.ninja.in
[1/1] out/soong/.bootstrap/bin/minibp out/soong/.bootstrap/build.ninja
[1/9] glob device/*/*/Android.bp
[2/9] glob device/google/contexthub/lib/Android.bp
[3/9] glob vendor/*/*/Android.bp
[4/9] glob vendor/*/*/*/Android.bp
[5/9] glob vendor/*/*/*/*/*/Android.bp
[6/9] glob vendor/nxp/interfaces/opensource/nfc/1.0/Android.bp
[7/9] glob vendor/nxp/interfaces/opensource/nfc/1.0/default/Android.bp
[8/9] glob vendor/nxp/interfaces/opensource/nfc/Android.bp
[1/8] glob vendor/*/*/Android.bp
[2/8] glob vendor/*/*/*/Android.bp
[3/8] glob vendor/nxp/interfaces/opensource/nfc/1.0/Android.bp
[4/8] glob vendor/nxp/interfaces/opensource/nfc/Android.bp
[5/8] glob vendor/nxp/interfaces/opensource/nfc/1.0/default/Android.bp
[6/8] glob vendor/*/*/*/*/*/Android.bp
[7/7] out/soong/.bootstrap/bin/soong_build out/soong/build.ninja
[ 10% 1/10] out/soong/.bootstrap/bin/bpglob -o out/soong/.glob/art.glob  "art"
[ 20% 2/10] out/soong/.bootstrap/bin/bpglob -o out/soong/.glob/device/_/_/Android_bp.glob  "device/*/*/Android.bp"
[ 30% 3/10] out/soong/.bootstrap/bin/bpglob -o out/soong/.glob/device/google/contexthub/lib/Android_bp.glob  "device/google/contexthub/lib/Android.bp"
[ 40% 4/10] out/soong/.bootstrap/bin/bpglob -o out/soong/.glob/vendor/_/_/Android_bp.glob  "vendor/*/*/Android.bp"
[ 50% 5/10] out/soong/.bootstrap/bin/bpglob -o out/soong/.glob/vendor/_/_/_/Android_bp.glob  "vendor/*/*/*/Android.bp"
[ 60% 6/10] out/soong/.bootstrap/bin/bpglob -o out/soong/.glob/vendor/nxp/interfaces/opensource/nfc/1_0/Android_bp.glob  "vendor/nxp/interfaces/opensource/nfc/1.0/Android.bp"
[ 70% 7/10] out/soong/.bootstrap/bin/bpglob -o out/soong/.glob/vendor/nxp/interfaces/opensource/nfc/1_0/default/Android_bp.glob  "vendor/nxp/interfaces/opensource/nfc/1.0/default/Android.bp"
[ 80% 8/10] out/soong/.bootstrap/bin/bpglob -o out/soong/.glob/vendor/nxp/interfaces/opensource/nfc/Android_bp.glob  "vendor/nxp/interfaces/opensource/nfc/Android.bp"
[ 90% 9/10] out/soong/.bootstrap/bin/bpglob -o out/soong/.glob/vendor/_/_/_/_/_/Android_bp.glob  "vendor/*/*/*/*/*/Android.bp"
[100% 10/10] out/soong/.bootstrap/bin/soong_build  -t -b out/soong -d out/soong/build.ninja.d -o out/soong/build.ninja Android.bp
[ 12% 1/8] out/soong/.bootstrap/bin/bpglob -o out/soong/.glob/art.glob  "art"
[ 25% 2/8] out/soong/.bootstrap/bin/bpglob -o out/soong/.glob/vendor/_/_/Android_bp.glob  "vendor/*/*/Android.bp"
[ 37% 3/8] out/soong/.bootstrap/bin/bpglob -o out/soong/.glob/vendor/_/_/_/Android_bp.glob  "vendor/*/*/*/Android.bp"
[ 50% 4/8] out/soong/.bootstrap/bin/bpglob -o out/soong/.glob/vendor/nxp/interfaces/opensource/nfc/1_0/Android_bp.glob  "vendor/nxp/interfaces/opensource/nfc/1.0/Android.bp"
[ 62% 5/8] out/soong/.bootstrap/bin/bpglob -o out/soong/.glob/vendor/nxp/interfaces/opensource/nfc/1_0/default/Android_bp.glob  "vendor/nxp/interfaces/opensource/nfc/1.0/default/Android.bp"
[ 75% 6/8] out/soong/.bootstrap/bin/bpglob -o out/soong/.glob/vendor/nxp/interfaces/opensource/nfc/Android_bp.glob  "vendor/nxp/interfaces/opensource/nfc/Android.bp"
[ 87% 7/8] out/soong/.bootstrap/bin/bpglob -o out/soong/.glob/vendor/_/_/_/_/_/Android_bp.glob  "vendor/*/*/*/*/*/Android.bp"
